cd PATH_TO/Sample_1674_LIB19723_LDI17118
md5sum -c 1674_LIB19723_LDI17118_CGATGT_L001_R1.fastq.gz.md5 < 1674_LIB19723_LDI17118_CGATGT_L001_R1.fastq.gz
-: OK
md5sum -c 1674_LIB19723_LDI17118_CGATGT_L001_R2.fastq.gz.md5 < 1674_LIB19723_LDI17118_CGATGT_L001_R2.fastq.gz
-: OK
md5sum -c 1674_LIB19723_LDI17118_CGATGT_L002_R1.fastq.gz.md5 < 1674_LIB19723_LDI17118_CGATGT_L002_R1.fastq.gz
-: OK
md5sum -c 1674_LIB19723_LDI17118_CGATGT_L002_R2.fastq.gz.md5 < 1674_LIB19723_LDI17118_CGATGT_L002_R2.fastq.gz
-: OK
md5sum -c 1674_LIB19723_LDI17118_CGATGT_L003_R1.fastq.gz.md5 < 1674_LIB19723_LDI17118_CGATGT_L003_R1.fastq.gz
-: OK
md5sum -c 1674_LIB19723_LDI17118_CGATGT_L003_R2.fastq.gz.md5 < 1674_LIB19723_LDI17118_CGATGT_L003_R2.fastq.gz
-: OK
md5sum -c 1674_LIB19723_LDI17118_CGATGT_L004_R1.fastq.gz.md5 < 1674_LIB19723_LDI17118_CGATGT_L004_R1.fastq.gz
-: OK
md5sum -c 1674_LIB19723_LDI17118_CGATGT_L004_R2.fastq.gz.md5 < 1674_LIB19723_LDI17118_CGATGT_L004_R2.fastq.gz
-: OK
cd PATH_TO/Sample_1674_LIB19724_LDI17119
md5sum -c 1674_LIB19724_LDI17119_TGACCA_L001_R1.fastq.gz.md5 < 1674_LIB19724_LDI17119_TGACCA_L001_R1.fastq.gz
-: OK
md5sum -c 1674_LIB19724_LDI17119_TGACCA_L001_R2.fastq.gz.md5 < 1674_LIB19724_LDI17119_TGACCA_L001_R2.fastq.gz
-: OK
md5sum -c 1674_LIB19724_LDI17119_TGACCA_L002_R1.fastq.gz.md5 < 1674_LIB19724_LDI17119_TGACCA_L002_R1.fastq.gz
-: OK
md5sum -c 1674_LIB19724_LDI17119_TGACCA_L002_R2.fastq.gz.md5 < 1674_LIB19724_LDI17119_TGACCA_L002_R2.fastq.gz
-: OK
md5sum -c 1674_LIB19724_LDI17119_TGACCA_L003_R1.fastq.gz.md5 < 1674_LIB19724_LDI17119_TGACCA_L003_R1.fastq.gz
-: OK
md5sum -c 1674_LIB19724_LDI17119_TGACCA_L003_R2.fastq.gz.md5 < 1674_LIB19724_LDI17119_TGACCA_L003_R2.fastq.gz
-: OK
md5sum -c 1674_LIB19724_LDI17119_TGACCA_L004_R1.fastq.gz.md5 < 1674_LIB19724_LDI17119_TGACCA_L004_R1.fastq.gz
-: OK
md5sum -c 1674_LIB19724_LDI17119_TGACCA_L004_R2.fastq.gz.md5 < 1674_LIB19724_LDI17119_TGACCA_L004_R2.fastq.gz
-: OK
cd PATH_TO/Sample_1674_LIB19725_LDI17120
md5sum -c 1674_LIB19725_LDI17120_ACAGTG_L001_R1.fastq.gz.md5 < 1674_LIB19725_LDI17120_ACAGTG_L001_R1.fastq.gz
-: OK
md5sum -c 1674_LIB19725_LDI17120_ACAGTG_L001_R2.fastq.gz.md5 < 1674_LIB19725_LDI17120_ACAGTG_L001_R2.fastq.gz
-: OK
md5sum -c 1674_LIB19725_LDI17120_ACAGTG_L002_R1.fastq.gz.md5 < 1674_LIB19725_LDI17120_ACAGTG_L002_R1.fastq.gz
-: OK
md5sum -c 1674_LIB19725_LDI17120_ACAGTG_L002_R2.fastq.gz.md5 < 1674_LIB19725_LDI17120_ACAGTG_L002_R2.fastq.gz
-: OK
md5sum -c 1674_LIB19725_LDI17120_ACAGTG_L003_R1.fastq.gz.md5 < 1674_LIB19725_LDI17120_ACAGTG_L003_R1.fastq.gz
-: OK
md5sum -c 1674_LIB19725_LDI17120_ACAGTG_L003_R2.fastq.gz.md5 < 1674_LIB19725_LDI17120_ACAGTG_L003_R2.fastq.gz
-: OK
md5sum -c 1674_LIB19725_LDI17120_ACAGTG_L004_R1.fastq.gz.md5 < 1674_LIB19725_LDI17120_ACAGTG_L004_R1.fastq.gz
-: OK
md5sum -c 1674_LIB19725_LDI17120_ACAGTG_L004_R2.fastq.gz.md5 < 1674_LIB19725_LDI17120_ACAGTG_L004_R2.fastq.gz
-: OK
cd PATH_TO/Sample_1674_LIB19726_LDI17121
md5sum -c 1674_LIB19726_LDI17121_GCCAAT_L001_R1.fastq.gz.md5 < 1674_LIB19726_LDI17121_GCCAAT_L001_R1.fastq.gz
-: OK
md5sum -c 1674_LIB19726_LDI17121_GCCAAT_L001_R2.fastq.gz.md5 < 1674_LIB19726_LDI17121_GCCAAT_L001_R2.fastq.gz
-: OK
md5sum -c 1674_LIB19726_LDI17121_GCCAAT_L002_R1.fastq.gz.md5 < 1674_LIB19726_LDI17121_GCCAAT_L002_R1.fastq.gz
-: OK
md5sum -c 1674_LIB19726_LDI17121_GCCAAT_L002_R2.fastq.gz.md5 < 1674_LIB19726_LDI17121_GCCAAT_L002_R2.fastq.gz
-: OK
md5sum -c 1674_LIB19726_LDI17121_GCCAAT_L003_R1.fastq.gz.md5 < 1674_LIB19726_LDI17121_GCCAAT_L003_R1.fastq.gz
-: OK
md5sum -c 1674_LIB19726_LDI17121_GCCAAT_L003_R2.fastq.gz.md5 < 1674_LIB19726_LDI17121_GCCAAT_L003_R2.fastq.gz
-: OK
md5sum -c 1674_LIB19726_LDI17121_GCCAAT_L004_R1.fastq.gz.md5 < 1674_LIB19726_LDI17121_GCCAAT_L004_R1.fastq.gz
-: OK
md5sum -c 1674_LIB19726_LDI17121_GCCAAT_L004_R2.fastq.gz.md5 < 1674_LIB19726_LDI17121_GCCAAT_L004_R2.fastq.gz
-: OK
cd PATH_TO/Sample_1674_LIB19727_LDI17122
md5sum -c 1674_LIB19727_LDI17122_CAGATC_L001_R1.fastq.gz.md5 < 1674_LIB19727_LDI17122_CAGATC_L001_R1.fastq.gz
-: OK
md5sum -c 1674_LIB19727_LDI17122_CAGATC_L001_R2.fastq.gz.md5 < 1674_LIB19727_LDI17122_CAGATC_L001_R2.fastq.gz
-: OK
md5sum -c 1674_LIB19727_LDI17122_CAGATC_L002_R1.fastq.gz.md5 < 1674_LIB19727_LDI17122_CAGATC_L002_R1.fastq.gz
-: OK
md5sum -c 1674_LIB19727_LDI17122_CAGATC_L002_R2.fastq.gz.md5 < 1674_LIB19727_LDI17122_CAGATC_L002_R2.fastq.gz
-: OK
md5sum -c 1674_LIB19727_LDI17122_CAGATC_L003_R1.fastq.gz.md5 < 1674_LIB19727_LDI17122_CAGATC_L003_R1.fastq.gz
-: OK
md5sum -c 1674_LIB19727_LDI17122_CAGATC_L003_R2.fastq.gz.md5 < 1674_LIB19727_LDI17122_CAGATC_L003_R2.fastq.gz
-: OK
md5sum -c 1674_LIB19727_LDI17122_CAGATC_L004_R1.fastq.gz.md5 < 1674_LIB19727_LDI17122_CAGATC_L004_R1.fastq.gz
-: OK
md5sum -c 1674_LIB19727_LDI17122_CAGATC_L004_R2.fastq.gz.md5 < 1674_LIB19727_LDI17122_CAGATC_L004_R2.fastq.gz
-: OK
cd PATH_TO/Sample_1674_LIB19728_LDI17123
md5sum -c 1674_LIB19728_LDI17123_CTTGTA_L001_R1.fastq.gz.md5 < 1674_LIB19728_LDI17123_CTTGTA_L001_R1.fastq.gz
-: OK
md5sum -c 1674_LIB19728_LDI17123_CTTGTA_L001_R2.fastq.gz.md5 < 1674_LIB19728_LDI17123_CTTGTA_L001_R2.fastq.gz
-: OK
md5sum -c 1674_LIB19728_LDI17123_CTTGTA_L002_R1.fastq.gz.md5 < 1674_LIB19728_LDI17123_CTTGTA_L002_R1.fastq.gz
-: OK
md5sum -c 1674_LIB19728_LDI17123_CTTGTA_L002_R2.fastq.gz.md5 < 1674_LIB19728_LDI17123_CTTGTA_L002_R2.fastq.gz
-: OK
md5sum -c 1674_LIB19728_LDI17123_CTTGTA_L003_R1.fastq.gz.md5 < 1674_LIB19728_LDI17123_CTTGTA_L003_R1.fastq.gz
-: OK
md5sum -c 1674_LIB19728_LDI17123_CTTGTA_L003_R2.fastq.gz.md5 < 1674_LIB19728_LDI17123_CTTGTA_L003_R2.fastq.gz
-: OK
md5sum -c 1674_LIB19728_LDI17123_CTTGTA_L004_R1.fastq.gz.md5 < 1674_LIB19728_LDI17123_CTTGTA_L004_R1.fastq.gz
-: OK
md5sum -c 1674_LIB19728_LDI17123_CTTGTA_L004_R2.fastq.gz.md5 < 1674_LIB19728_LDI17123_CTTGTA_L004_R2.fastq.gz
-: OK
cd PATH_TO/Sample_1674_LIB19729_LDI17124
md5sum -c 1674_LIB19729_LDI17124_ATCACG_L001_R1.fastq.gz.md5 < 1674_LIB19729_LDI17124_ATCACG_L001_R1.fastq.gz
-: OK
md5sum -c 1674_LIB19729_LDI17124_ATCACG_L001_R2.fastq.gz.md5 < 1674_LIB19729_LDI17124_ATCACG_L001_R2.fastq.gz
-: OK
md5sum -c 1674_LIB19729_LDI17124_ATCACG_L002_R1.fastq.gz.md5 < 1674_LIB19729_LDI17124_ATCACG_L002_R1.fastq.gz
-: OK
md5sum -c 1674_LIB19729_LDI17124_ATCACG_L002_R2.fastq.gz.md5 < 1674_LIB19729_LDI17124_ATCACG_L002_R2.fastq.gz
-: OK
md5sum -c 1674_LIB19729_LDI17124_ATCACG_L003_R1.fastq.gz.md5 < 1674_LIB19729_LDI17124_ATCACG_L003_R1.fastq.gz
-: OK
md5sum -c 1674_LIB19729_LDI17124_ATCACG_L003_R2.fastq.gz.md5 < 1674_LIB19729_LDI17124_ATCACG_L003_R2.fastq.gz
-: OK
md5sum -c 1674_LIB19729_LDI17124_ATCACG_L004_R1.fastq.gz.md5 < 1674_LIB19729_LDI17124_ATCACG_L004_R1.fastq.gz
-: OK
md5sum -c 1674_LIB19729_LDI17124_ATCACG_L004_R2.fastq.gz.md5 < 1674_LIB19729_LDI17124_ATCACG_L004_R2.fastq.gz
-: OK
cd PATH_TO/Sample_1674_LIB19730_LDI17125
md5sum -c 1674_LIB19730_LDI17125_TTAGGC_L001_R1.fastq.gz.md5 < 1674_LIB19730_LDI17125_TTAGGC_L001_R1.fastq.gz
-: OK
md5sum -c 1674_LIB19730_LDI17125_TTAGGC_L001_R2.fastq.gz.md5 < 1674_LIB19730_LDI17125_TTAGGC_L001_R2.fastq.gz
-: OK
md5sum -c 1674_LIB19730_LDI17125_TTAGGC_L002_R1.fastq.gz.md5 < 1674_LIB19730_LDI17125_TTAGGC_L002_R1.fastq.gz
-: OK
md5sum -c 1674_LIB19730_LDI17125_TTAGGC_L002_R2.fastq.gz.md5 < 1674_LIB19730_LDI17125_TTAGGC_L002_R2.fastq.gz
-: OK
md5sum -c 1674_LIB19730_LDI17125_TTAGGC_L003_R1.fastq.gz.md5 < 1674_LIB19730_LDI17125_TTAGGC_L003_R1.fastq.gz
-: OK
md5sum -c 1674_LIB19730_LDI17125_TTAGGC_L003_R2.fastq.gz.md5 < 1674_LIB19730_LDI17125_TTAGGC_L003_R2.fastq.gz
-: OK
md5sum -c 1674_LIB19730_LDI17125_TTAGGC_L004_R1.fastq.gz.md5 < 1674_LIB19730_LDI17125_TTAGGC_L004_R1.fastq.gz
-: OK
md5sum -c 1674_LIB19730_LDI17125_TTAGGC_L004_R2.fastq.gz.md5 < 1674_LIB19730_LDI17125_TTAGGC_L004_R2.fastq.gz
-: OK
cd PATH_TO/Sample_1674_LIB19731_LDI17126
md5sum -c 1674_LIB19731_LDI17126_ACTTGA_L001_R1.fastq.gz.md5 < 1674_LIB19731_LDI17126_ACTTGA_L001_R1.fastq.gz
-: OK
md5sum -c 1674_LIB19731_LDI17126_ACTTGA_L001_R2.fastq.gz.md5 < 1674_LIB19731_LDI17126_ACTTGA_L001_R2.fastq.gz
-: OK
md5sum -c 1674_LIB19731_LDI17126_ACTTGA_L002_R1.fastq.gz.md5 < 1674_LIB19731_LDI17126_ACTTGA_L002_R1.fastq.gz
-: OK
md5sum -c 1674_LIB19731_LDI17126_ACTTGA_L002_R2.fastq.gz.md5 < 1674_LIB19731_LDI17126_ACTTGA_L002_R2.fastq.gz
-: OK
md5sum -c 1674_LIB19731_LDI17126_ACTTGA_L003_R1.fastq.gz.md5 < 1674_LIB19731_LDI17126_ACTTGA_L003_R1.fastq.gz
-: OK
md5sum -c 1674_LIB19731_LDI17126_ACTTGA_L003_R2.fastq.gz.md5 < 1674_LIB19731_LDI17126_ACTTGA_L003_R2.fastq.gz
-: OK
md5sum -c 1674_LIB19731_LDI17126_ACTTGA_L004_R1.fastq.gz.md5 < 1674_LIB19731_LDI17126_ACTTGA_L004_R1.fastq.gz
-: OK
md5sum -c 1674_LIB19731_LDI17126_ACTTGA_L004_R2.fastq.gz.md5 < 1674_LIB19731_LDI17126_ACTTGA_L004_R2.fastq.gz
-: OK
cd PATH_TO/Sample_1674_LIB19732_LDI17127
md5sum -c 1674_LIB19732_LDI17127_GATCAG_L001_R1.fastq.gz.md5 < 1674_LIB19732_LDI17127_GATCAG_L001_R1.fastq.gz
-: OK
md5sum -c 1674_LIB19732_LDI17127_GATCAG_L001_R2.fastq.gz.md5 < 1674_LIB19732_LDI17127_GATCAG_L001_R2.fastq.gz
-: OK
md5sum -c 1674_LIB19732_LDI17127_GATCAG_L002_R1.fastq.gz.md5 < 1674_LIB19732_LDI17127_GATCAG_L002_R1.fastq.gz
-: OK
md5sum -c 1674_LIB19732_LDI17127_GATCAG_L002_R2.fastq.gz.md5 < 1674_LIB19732_LDI17127_GATCAG_L002_R2.fastq.gz
-: OK
md5sum -c 1674_LIB19732_LDI17127_GATCAG_L003_R1.fastq.gz.md5 < 1674_LIB19732_LDI17127_GATCAG_L003_R1.fastq.gz
-: OK
md5sum -c 1674_LIB19732_LDI17127_GATCAG_L003_R2.fastq.gz.md5 < 1674_LIB19732_LDI17127_GATCAG_L003_R2.fastq.gz
-: OK
md5sum -c 1674_LIB19732_LDI17127_GATCAG_L004_R1.fastq.gz.md5 < 1674_LIB19732_LDI17127_GATCAG_L004_R1.fastq.gz
-: OK
md5sum -c 1674_LIB19732_LDI17127_GATCAG_L004_R2.fastq.gz.md5 < 1674_LIB19732_LDI17127_GATCAG_L004_R2.fastq.gz
-: OK
cd PATH_TO/Sample_1674_LIB19733_LDI17128
md5sum -c 1674_LIB19733_LDI17128_TAGCTT_L001_R1.fastq.gz.md5 < 1674_LIB19733_LDI17128_TAGCTT_L001_R1.fastq.gz
-: OK
md5sum -c 1674_LIB19733_LDI17128_TAGCTT_L001_R2.fastq.gz.md5 < 1674_LIB19733_LDI17128_TAGCTT_L001_R2.fastq.gz
-: OK
md5sum -c 1674_LIB19733_LDI17128_TAGCTT_L002_R1.fastq.gz.md5 < 1674_LIB19733_LDI17128_TAGCTT_L002_R1.fastq.gz
-: OK
md5sum -c 1674_LIB19733_LDI17128_TAGCTT_L002_R2.fastq.gz.md5 < 1674_LIB19733_LDI17128_TAGCTT_L002_R2.fastq.gz
-: OK
md5sum -c 1674_LIB19733_LDI17128_TAGCTT_L003_R1.fastq.gz.md5 < 1674_LIB19733_LDI17128_TAGCTT_L003_R1.fastq.gz
-: OK
md5sum -c 1674_LIB19733_LDI17128_TAGCTT_L003_R2.fastq.gz.md5 < 1674_LIB19733_LDI17128_TAGCTT_L003_R2.fastq.gz
-: OK
md5sum -c 1674_LIB19733_LDI17128_TAGCTT_L004_R1.fastq.gz.md5 < 1674_LIB19733_LDI17128_TAGCTT_L004_R1.fastq.gz
-: OK
md5sum -c 1674_LIB19733_LDI17128_TAGCTT_L004_R2.fastq.gz.md5 < 1674_LIB19733_LDI17128_TAGCTT_L004_R2.fastq.gz
-: OK
cd PATH_TO/Sample_1674_LIB19735_LDI17129
md5sum -c 1674_LIB19735_LDI17129_AGTCAA_L001_R1.fastq.gz.md5 < 1674_LIB19735_LDI17129_AGTCAA_L001_R1.fastq.gz
-: OK
md5sum -c 1674_LIB19735_LDI17129_AGTCAA_L001_R2.fastq.gz.md5 < 1674_LIB19735_LDI17129_AGTCAA_L001_R2.fastq.gz
-: OK
md5sum -c 1674_LIB19735_LDI17129_AGTCAA_L002_R1.fastq.gz.md5 < 1674_LIB19735_LDI17129_AGTCAA_L002_R1.fastq.gz
-: OK
md5sum -c 1674_LIB19735_LDI17129_AGTCAA_L002_R2.fastq.gz.md5 < 1674_LIB19735_LDI17129_AGTCAA_L002_R2.fastq.gz
-: OK
md5sum -c 1674_LIB19735_LDI17129_AGTCAA_L003_R1.fastq.gz.md5 < 1674_LIB19735_LDI17129_AGTCAA_L003_R1.fastq.gz
-: OK
md5sum -c 1674_LIB19735_LDI17129_AGTCAA_L003_R2.fastq.gz.md5 < 1674_LIB19735_LDI17129_AGTCAA_L003_R2.fastq.gz
-: OK
md5sum -c 1674_LIB19735_LDI17129_AGTCAA_L004_R1.fastq.gz.md5 < 1674_LIB19735_LDI17129_AGTCAA_L004_R1.fastq.gz
-: OK
md5sum -c 1674_LIB19735_LDI17129_AGTCAA_L004_R2.fastq.gz.md5 < 1674_LIB19735_LDI17129_AGTCAA_L004_R2.fastq.gz
-: OK
cd PATH_TO/Sample_1674_LIB19736_LDI17130
md5sum -c 1674_LIB19736_LDI17130_AGTTCC_L001_R1.fastq.gz.md5 < 1674_LIB19736_LDI17130_AGTTCC_L001_R1.fastq.gz
-: OK
md5sum -c 1674_LIB19736_LDI17130_AGTTCC_L001_R2.fastq.gz.md5 < 1674_LIB19736_LDI17130_AGTTCC_L001_R2.fastq.gz
-: OK
md5sum -c 1674_LIB19736_LDI17130_AGTTCC_L002_R1.fastq.gz.md5 < 1674_LIB19736_LDI17130_AGTTCC_L002_R1.fastq.gz
-: OK
md5sum -c 1674_LIB19736_LDI17130_AGTTCC_L002_R2.fastq.gz.md5 < 1674_LIB19736_LDI17130_AGTTCC_L002_R2.fastq.gz
-: OK
md5sum -c 1674_LIB19736_LDI17130_AGTTCC_L003_R1.fastq.gz.md5 < 1674_LIB19736_LDI17130_AGTTCC_L003_R1.fastq.gz
-: OK
md5sum -c 1674_LIB19736_LDI17130_AGTTCC_L003_R2.fastq.gz.md5 < 1674_LIB19736_LDI17130_AGTTCC_L003_R2.fastq.gz
-: OK
md5sum -c 1674_LIB19736_LDI17130_AGTTCC_L004_R1.fastq.gz.md5 < 1674_LIB19736_LDI17130_AGTTCC_L004_R1.fastq.gz
-: OK
md5sum -c 1674_LIB19736_LDI17130_AGTTCC_L004_R2.fastq.gz.md5 < 1674_LIB19736_LDI17130_AGTTCC_L004_R2.fastq.gz
-: OK
cd PATH_TO/Sample_1674_LIB19737_LDI17131
md5sum -c 1674_LIB19737_LDI17131_ATGTCA_L001_R1.fastq.gz.md5 < 1674_LIB19737_LDI17131_ATGTCA_L001_R1.fastq.gz
-: OK
md5sum -c 1674_LIB19737_LDI17131_ATGTCA_L001_R2.fastq.gz.md5 < 1674_LIB19737_LDI17131_ATGTCA_L001_R2.fastq.gz
-: OK
md5sum -c 1674_LIB19737_LDI17131_ATGTCA_L002_R1.fastq.gz.md5 < 1674_LIB19737_LDI17131_ATGTCA_L002_R1.fastq.gz
-: OK
md5sum -c 1674_LIB19737_LDI17131_ATGTCA_L002_R2.fastq.gz.md5 < 1674_LIB19737_LDI17131_ATGTCA_L002_R2.fastq.gz
-: OK
md5sum -c 1674_LIB19737_LDI17131_ATGTCA_L003_R1.fastq.gz.md5 < 1674_LIB19737_LDI17131_ATGTCA_L003_R1.fastq.gz
-: OK
md5sum -c 1674_LIB19737_LDI17131_ATGTCA_L003_R2.fastq.gz.md5 < 1674_LIB19737_LDI17131_ATGTCA_L003_R2.fastq.gz
-: OK
md5sum -c 1674_LIB19737_LDI17131_ATGTCA_L004_R1.fastq.gz.md5 < 1674_LIB19737_LDI17131_ATGTCA_L004_R1.fastq.gz
-: OK
md5sum -c 1674_LIB19737_LDI17131_ATGTCA_L004_R2.fastq.gz.md5 < 1674_LIB19737_LDI17131_ATGTCA_L004_R2.fastq.gz
-: OK
cd PATH_TO/Sample_1674_LIB19738_LDI17132
md5sum -c 1674_LIB19738_LDI17132_CCGTCC_L001_R1.fastq.gz.md5 < 1674_LIB19738_LDI17132_CCGTCC_L001_R1.fastq.gz
-: OK
md5sum -c 1674_LIB19738_LDI17132_CCGTCC_L001_R2.fastq.gz.md5 < 1674_LIB19738_LDI17132_CCGTCC_L001_R2.fastq.gz
-: OK
md5sum -c 1674_LIB19738_LDI17132_CCGTCC_L002_R1.fastq.gz.md5 < 1674_LIB19738_LDI17132_CCGTCC_L002_R1.fastq.gz
-: OK
md5sum -c 1674_LIB19738_LDI17132_CCGTCC_L002_R2.fastq.gz.md5 < 1674_LIB19738_LDI17132_CCGTCC_L002_R2.fastq.gz
-: OK
md5sum -c 1674_LIB19738_LDI17132_CCGTCC_L003_R1.fastq.gz.md5 < 1674_LIB19738_LDI17132_CCGTCC_L003_R1.fastq.gz
-: OK
md5sum -c 1674_LIB19738_LDI17132_CCGTCC_L003_R2.fastq.gz.md5 < 1674_LIB19738_LDI17132_CCGTCC_L003_R2.fastq.gz
-: OK
md5sum -c 1674_LIB19738_LDI17132_CCGTCC_L004_R1.fastq.gz.md5 < 1674_LIB19738_LDI17132_CCGTCC_L004_R1.fastq.gz
-: OK
md5sum -c 1674_LIB19738_LDI17132_CCGTCC_L004_R2.fastq.gz.md5 < 1674_LIB19738_LDI17132_CCGTCC_L004_R2.fastq.gz
-: OK
cd PATH_TO/Sample_1674_LIB19739_LDI17133
md5sum -c 1674_LIB19739_LDI17133_GTAGAG_L001_R1.fastq.gz.md5 < 1674_LIB19739_LDI17133_GTAGAG_L001_R1.fastq.gz
-: OK
md5sum -c 1674_LIB19739_LDI17133_GTAGAG_L001_R2.fastq.gz.md5 < 1674_LIB19739_LDI17133_GTAGAG_L001_R2.fastq.gz
-: OK
md5sum -c 1674_LIB19739_LDI17133_GTAGAG_L002_R1.fastq.gz.md5 < 1674_LIB19739_LDI17133_GTAGAG_L002_R1.fastq.gz
-: OK
md5sum -c 1674_LIB19739_LDI17133_GTAGAG_L002_R2.fastq.gz.md5 < 1674_LIB19739_LDI17133_GTAGAG_L002_R2.fastq.gz
-: OK
md5sum -c 1674_LIB19739_LDI17133_GTAGAG_L003_R1.fastq.gz.md5 < 1674_LIB19739_LDI17133_GTAGAG_L003_R1.fastq.gz
-: OK
md5sum -c 1674_LIB19739_LDI17133_GTAGAG_L003_R2.fastq.gz.md5 < 1674_LIB19739_LDI17133_GTAGAG_L003_R2.fastq.gz
-: OK
md5sum -c 1674_LIB19739_LDI17133_GTAGAG_L004_R1.fastq.gz.md5 < 1674_LIB19739_LDI17133_GTAGAG_L004_R1.fastq.gz
-: OK
md5sum -c 1674_LIB19739_LDI17133_GTAGAG_L004_R2.fastq.gz.md5 < 1674_LIB19739_LDI17133_GTAGAG_L004_R2.fastq.gz
-: OK
cd PATH_TO/Sample_1674_LIB19740_LDI17134
md5sum -c 1674_LIB19740_LDI17134_GTCCGC_L001_R1.fastq.gz.md5 < 1674_LIB19740_LDI17134_GTCCGC_L001_R1.fastq.gz
-: OK
md5sum -c 1674_LIB19740_LDI17134_GTCCGC_L001_R2.fastq.gz.md5 < 1674_LIB19740_LDI17134_GTCCGC_L001_R2.fastq.gz
-: OK
md5sum -c 1674_LIB19740_LDI17134_GTCCGC_L002_R1.fastq.gz.md5 < 1674_LIB19740_LDI17134_GTCCGC_L002_R1.fastq.gz
-: OK
md5sum -c 1674_LIB19740_LDI17134_GTCCGC_L002_R2.fastq.gz.md5 < 1674_LIB19740_LDI17134_GTCCGC_L002_R2.fastq.gz
-: OK
md5sum -c 1674_LIB19740_LDI17134_GTCCGC_L003_R1.fastq.gz.md5 < 1674_LIB19740_LDI17134_GTCCGC_L003_R1.fastq.gz
-: OK
md5sum -c 1674_LIB19740_LDI17134_GTCCGC_L003_R2.fastq.gz.md5 < 1674_LIB19740_LDI17134_GTCCGC_L003_R2.fastq.gz
-: OK
md5sum -c 1674_LIB19740_LDI17134_GTCCGC_L004_R1.fastq.gz.md5 < 1674_LIB19740_LDI17134_GTCCGC_L004_R1.fastq.gz
-: OK
md5sum -c 1674_LIB19740_LDI17134_GTCCGC_L004_R2.fastq.gz.md5 < 1674_LIB19740_LDI17134_GTCCGC_L004_R2.fastq.gz
-: OK
cd PATH_TO/Sample_1674_LIB19743_LDI17135
md5sum -c 1674_LIB19743_LDI17135_CGATGT_L005_R1.fastq.gz.md5 < 1674_LIB19743_LDI17135_CGATGT_L005_R1.fastq.gz
-: OK
md5sum -c 1674_LIB19743_LDI17135_CGATGT_L005_R2.fastq.gz.md5 < 1674_LIB19743_LDI17135_CGATGT_L005_R2.fastq.gz
-: OK
md5sum -c 1674_LIB19743_LDI17135_CGATGT_L006_R1.fastq.gz.md5 < 1674_LIB19743_LDI17135_CGATGT_L006_R1.fastq.gz
-: OK
md5sum -c 1674_LIB19743_LDI17135_CGATGT_L006_R2.fastq.gz.md5 < 1674_LIB19743_LDI17135_CGATGT_L006_R2.fastq.gz
-: OK
md5sum -c 1674_LIB19743_LDI17135_CGATGT_L007_R1.fastq.gz.md5 < 1674_LIB19743_LDI17135_CGATGT_L007_R1.fastq.gz
-: OK
md5sum -c 1674_LIB19743_LDI17135_CGATGT_L007_R2.fastq.gz.md5 < 1674_LIB19743_LDI17135_CGATGT_L007_R2.fastq.gz
-: OK
md5sum -c 1674_LIB19743_LDI17135_CGATGT_L008_R1.fastq.gz.md5 < 1674_LIB19743_LDI17135_CGATGT_L008_R1.fastq.gz
-: OK
md5sum -c 1674_LIB19743_LDI17135_CGATGT_L008_R2.fastq.gz.md5 < 1674_LIB19743_LDI17135_CGATGT_L008_R2.fastq.gz
-: OK
cd PATH_TO/Sample_1674_LIB19744_LDI17136
md5sum -c 1674_LIB19744_LDI17136_TGACCA_L005_R1.fastq.gz.md5 < 1674_LIB19744_LDI17136_TGACCA_L005_R1.fastq.gz
-: OK
md5sum -c 1674_LIB19744_LDI17136_TGACCA_L005_R2.fastq.gz.md5 < 1674_LIB19744_LDI17136_TGACCA_L005_R2.fastq.gz
-: OK
md5sum -c 1674_LIB19744_LDI17136_TGACCA_L006_R1.fastq.gz.md5 < 1674_LIB19744_LDI17136_TGACCA_L006_R1.fastq.gz
-: OK
md5sum -c 1674_LIB19744_LDI17136_TGACCA_L006_R2.fastq.gz.md5 < 1674_LIB19744_LDI17136_TGACCA_L006_R2.fastq.gz
-: OK
md5sum -c 1674_LIB19744_LDI17136_TGACCA_L007_R1.fastq.gz.md5 < 1674_LIB19744_LDI17136_TGACCA_L007_R1.fastq.gz
-: OK
md5sum -c 1674_LIB19744_LDI17136_TGACCA_L007_R2.fastq.gz.md5 < 1674_LIB19744_LDI17136_TGACCA_L007_R2.fastq.gz
-: OK
md5sum -c 1674_LIB19744_LDI17136_TGACCA_L008_R1.fastq.gz.md5 < 1674_LIB19744_LDI17136_TGACCA_L008_R1.fastq.gz
-: OK
md5sum -c 1674_LIB19744_LDI17136_TGACCA_L008_R2.fastq.gz.md5 < 1674_LIB19744_LDI17136_TGACCA_L008_R2.fastq.gz
-: OK
cd PATH_TO/Sample_1674_LIB19745_LDI17137
md5sum -c 1674_LIB19745_LDI17137_ACAGTG_L005_R1.fastq.gz.md5 < 1674_LIB19745_LDI17137_ACAGTG_L005_R1.fastq.gz
-: OK
md5sum -c 1674_LIB19745_LDI17137_ACAGTG_L005_R2.fastq.gz.md5 < 1674_LIB19745_LDI17137_ACAGTG_L005_R2.fastq.gz
-: OK
md5sum -c 1674_LIB19745_LDI17137_ACAGTG_L006_R1.fastq.gz.md5 < 1674_LIB19745_LDI17137_ACAGTG_L006_R1.fastq.gz
-: OK
md5sum -c 1674_LIB19745_LDI17137_ACAGTG_L006_R2.fastq.gz.md5 < 1674_LIB19745_LDI17137_ACAGTG_L006_R2.fastq.gz
-: OK
md5sum -c 1674_LIB19745_LDI17137_ACAGTG_L007_R1.fastq.gz.md5 < 1674_LIB19745_LDI17137_ACAGTG_L007_R1.fastq.gz
-: OK
md5sum -c 1674_LIB19745_LDI17137_ACAGTG_L007_R2.fastq.gz.md5 < 1674_LIB19745_LDI17137_ACAGTG_L007_R2.fastq.gz
-: OK
md5sum -c 1674_LIB19745_LDI17137_ACAGTG_L008_R1.fastq.gz.md5 < 1674_LIB19745_LDI17137_ACAGTG_L008_R1.fastq.gz
-: OK
md5sum -c 1674_LIB19745_LDI17137_ACAGTG_L008_R2.fastq.gz.md5 < 1674_LIB19745_LDI17137_ACAGTG_L008_R2.fastq.gz
-: OK
cd PATH_TO/Sample_1674_LIB19746_LDI17138
md5sum -c 1674_LIB19746_LDI17138_GCCAAT_L005_R1.fastq.gz.md5 < 1674_LIB19746_LDI17138_GCCAAT_L005_R1.fastq.gz
-: OK
md5sum -c 1674_LIB19746_LDI17138_GCCAAT_L005_R2.fastq.gz.md5 < 1674_LIB19746_LDI17138_GCCAAT_L005_R2.fastq.gz
-: OK
md5sum -c 1674_LIB19746_LDI17138_GCCAAT_L006_R1.fastq.gz.md5 < 1674_LIB19746_LDI17138_GCCAAT_L006_R1.fastq.gz
-: OK
md5sum -c 1674_LIB19746_LDI17138_GCCAAT_L006_R2.fastq.gz.md5 < 1674_LIB19746_LDI17138_GCCAAT_L006_R2.fastq.gz
-: OK
md5sum -c 1674_LIB19746_LDI17138_GCCAAT_L007_R1.fastq.gz.md5 < 1674_LIB19746_LDI17138_GCCAAT_L007_R1.fastq.gz
-: OK
md5sum -c 1674_LIB19746_LDI17138_GCCAAT_L007_R2.fastq.gz.md5 < 1674_LIB19746_LDI17138_GCCAAT_L007_R2.fastq.gz
-: OK
md5sum -c 1674_LIB19746_LDI17138_GCCAAT_L008_R1.fastq.gz.md5 < 1674_LIB19746_LDI17138_GCCAAT_L008_R1.fastq.gz
-: OK
md5sum -c 1674_LIB19746_LDI17138_GCCAAT_L008_R2.fastq.gz.md5 < 1674_LIB19746_LDI17138_GCCAAT_L008_R2.fastq.gz
-: OK
cd PATH_TO/Sample_1674_LIB19747_LDI17139
md5sum -c 1674_LIB19747_LDI17139_CAGATC_L005_R1.fastq.gz.md5 < 1674_LIB19747_LDI17139_CAGATC_L005_R1.fastq.gz
-: OK
md5sum -c 1674_LIB19747_LDI17139_CAGATC_L005_R2.fastq.gz.md5 < 1674_LIB19747_LDI17139_CAGATC_L005_R2.fastq.gz
-: OK
md5sum -c 1674_LIB19747_LDI17139_CAGATC_L006_R1.fastq.gz.md5 < 1674_LIB19747_LDI17139_CAGATC_L006_R1.fastq.gz
-: OK
md5sum -c 1674_LIB19747_LDI17139_CAGATC_L006_R2.fastq.gz.md5 < 1674_LIB19747_LDI17139_CAGATC_L006_R2.fastq.gz
-: OK
md5sum -c 1674_LIB19747_LDI17139_CAGATC_L007_R1.fastq.gz.md5 < 1674_LIB19747_LDI17139_CAGATC_L007_R1.fastq.gz
-: OK
md5sum -c 1674_LIB19747_LDI17139_CAGATC_L007_R2.fastq.gz.md5 < 1674_LIB19747_LDI17139_CAGATC_L007_R2.fastq.gz
-: OK
md5sum -c 1674_LIB19747_LDI17139_CAGATC_L008_R1.fastq.gz.md5 < 1674_LIB19747_LDI17139_CAGATC_L008_R1.fastq.gz
-: OK
md5sum -c 1674_LIB19747_LDI17139_CAGATC_L008_R2.fastq.gz.md5 < 1674_LIB19747_LDI17139_CAGATC_L008_R2.fastq.gz
-: OK
cd PATH_TO/Sample_1674_LIB19748_LDI17140
md5sum -c 1674_LIB19748_LDI17140_CTTGTA_L005_R1.fastq.gz.md5 < 1674_LIB19748_LDI17140_CTTGTA_L005_R1.fastq.gz
-: OK
md5sum -c 1674_LIB19748_LDI17140_CTTGTA_L005_R2.fastq.gz.md5 < 1674_LIB19748_LDI17140_CTTGTA_L005_R2.fastq.gz
-: OK
md5sum -c 1674_LIB19748_LDI17140_CTTGTA_L006_R1.fastq.gz.md5 < 1674_LIB19748_LDI17140_CTTGTA_L006_R1.fastq.gz
-: OK
md5sum -c 1674_LIB19748_LDI17140_CTTGTA_L006_R2.fastq.gz.md5 < 1674_LIB19748_LDI17140_CTTGTA_L006_R2.fastq.gz
-: OK
md5sum -c 1674_LIB19748_LDI17140_CTTGTA_L007_R1.fastq.gz.md5 < 1674_LIB19748_LDI17140_CTTGTA_L007_R1.fastq.gz
-: OK
md5sum -c 1674_LIB19748_LDI17140_CTTGTA_L007_R2.fastq.gz.md5 < 1674_LIB19748_LDI17140_CTTGTA_L007_R2.fastq.gz
-: OK
md5sum -c 1674_LIB19748_LDI17140_CTTGTA_L008_R1.fastq.gz.md5 < 1674_LIB19748_LDI17140_CTTGTA_L008_R1.fastq.gz
-: OK
md5sum -c 1674_LIB19748_LDI17140_CTTGTA_L008_R2.fastq.gz.md5 < 1674_LIB19748_LDI17140_CTTGTA_L008_R2.fastq.gz
-: OK
cd PATH_TO/Sample_1674_LIB19749_LDI17141
md5sum -c 1674_LIB19749_LDI17141_ATCACG_L005_R1.fastq.gz.md5 < 1674_LIB19749_LDI17141_ATCACG_L005_R1.fastq.gz
-: OK
md5sum -c 1674_LIB19749_LDI17141_ATCACG_L005_R2.fastq.gz.md5 < 1674_LIB19749_LDI17141_ATCACG_L005_R2.fastq.gz
-: OK
md5sum -c 1674_LIB19749_LDI17141_ATCACG_L006_R1.fastq.gz.md5 < 1674_LIB19749_LDI17141_ATCACG_L006_R1.fastq.gz
-: OK
md5sum -c 1674_LIB19749_LDI17141_ATCACG_L006_R2.fastq.gz.md5 < 1674_LIB19749_LDI17141_ATCACG_L006_R2.fastq.gz
-: OK
md5sum -c 1674_LIB19749_LDI17141_ATCACG_L007_R1.fastq.gz.md5 < 1674_LIB19749_LDI17141_ATCACG_L007_R1.fastq.gz
-: OK
md5sum -c 1674_LIB19749_LDI17141_ATCACG_L007_R2.fastq.gz.md5 < 1674_LIB19749_LDI17141_ATCACG_L007_R2.fastq.gz
-: OK
md5sum -c 1674_LIB19749_LDI17141_ATCACG_L008_R1.fastq.gz.md5 < 1674_LIB19749_LDI17141_ATCACG_L008_R1.fastq.gz
-: OK
md5sum -c 1674_LIB19749_LDI17141_ATCACG_L008_R2.fastq.gz.md5 < 1674_LIB19749_LDI17141_ATCACG_L008_R2.fastq.gz
-: OK
cd PATH_TO/Sample_1674_LIB19750_LDI17142
md5sum -c 1674_LIB19750_LDI17142_TTAGGC_L005_R1.fastq.gz.md5 < 1674_LIB19750_LDI17142_TTAGGC_L005_R1.fastq.gz
-: OK
md5sum -c 1674_LIB19750_LDI17142_TTAGGC_L005_R2.fastq.gz.md5 < 1674_LIB19750_LDI17142_TTAGGC_L005_R2.fastq.gz
-: OK
md5sum -c 1674_LIB19750_LDI17142_TTAGGC_L006_R1.fastq.gz.md5 < 1674_LIB19750_LDI17142_TTAGGC_L006_R1.fastq.gz
-: OK
md5sum -c 1674_LIB19750_LDI17142_TTAGGC_L006_R2.fastq.gz.md5 < 1674_LIB19750_LDI17142_TTAGGC_L006_R2.fastq.gz
-: OK
md5sum -c 1674_LIB19750_LDI17142_TTAGGC_L007_R1.fastq.gz.md5 < 1674_LIB19750_LDI17142_TTAGGC_L007_R1.fastq.gz
-: OK
md5sum -c 1674_LIB19750_LDI17142_TTAGGC_L007_R2.fastq.gz.md5 < 1674_LIB19750_LDI17142_TTAGGC_L007_R2.fastq.gz
-: OK
md5sum -c 1674_LIB19750_LDI17142_TTAGGC_L008_R1.fastq.gz.md5 < 1674_LIB19750_LDI17142_TTAGGC_L008_R1.fastq.gz
-: OK
md5sum -c 1674_LIB19750_LDI17142_TTAGGC_L008_R2.fastq.gz.md5 < 1674_LIB19750_LDI17142_TTAGGC_L008_R2.fastq.gz
-: OK
cd PATH_TO/Sample_1674_LIB19751_LDI17143
md5sum -c 1674_LIB19751_LDI17143_ACTTGA_L005_R1.fastq.gz.md5 < 1674_LIB19751_LDI17143_ACTTGA_L005_R1.fastq.gz
-: OK
md5sum -c 1674_LIB19751_LDI17143_ACTTGA_L005_R2.fastq.gz.md5 < 1674_LIB19751_LDI17143_ACTTGA_L005_R2.fastq.gz
-: OK
md5sum -c 1674_LIB19751_LDI17143_ACTTGA_L006_R1.fastq.gz.md5 < 1674_LIB19751_LDI17143_ACTTGA_L006_R1.fastq.gz
-: OK
md5sum -c 1674_LIB19751_LDI17143_ACTTGA_L006_R2.fastq.gz.md5 < 1674_LIB19751_LDI17143_ACTTGA_L006_R2.fastq.gz
-: OK
md5sum -c 1674_LIB19751_LDI17143_ACTTGA_L007_R1.fastq.gz.md5 < 1674_LIB19751_LDI17143_ACTTGA_L007_R1.fastq.gz
-: OK
md5sum -c 1674_LIB19751_LDI17143_ACTTGA_L007_R2.fastq.gz.md5 < 1674_LIB19751_LDI17143_ACTTGA_L007_R2.fastq.gz
-: OK
md5sum -c 1674_LIB19751_LDI17143_ACTTGA_L008_R1.fastq.gz.md5 < 1674_LIB19751_LDI17143_ACTTGA_L008_R1.fastq.gz
-: OK
md5sum -c 1674_LIB19751_LDI17143_ACTTGA_L008_R2.fastq.gz.md5 < 1674_LIB19751_LDI17143_ACTTGA_L008_R2.fastq.gz
-: OK
cd PATH_TO/Sample_1674_LIB19752_LDI17144
md5sum -c 1674_LIB19752_LDI17144_GTTTCG_L001_R1.fastq.gz.md5 < 1674_LIB19752_LDI17144_GTTTCG_L001_R1.fastq.gz
-: OK
md5sum -c 1674_LIB19752_LDI17144_GTTTCG_L001_R2.fastq.gz.md5 < 1674_LIB19752_LDI17144_GTTTCG_L001_R2.fastq.gz
-: OK
md5sum -c 1674_LIB19752_LDI17144_GTTTCG_L002_R1.fastq.gz.md5 < 1674_LIB19752_LDI17144_GTTTCG_L002_R1.fastq.gz
-: OK
md5sum -c 1674_LIB19752_LDI17144_GTTTCG_L002_R2.fastq.gz.md5 < 1674_LIB19752_LDI17144_GTTTCG_L002_R2.fastq.gz
-: OK
md5sum -c 1674_LIB19752_LDI17144_GTTTCG_L003_R1.fastq.gz.md5 < 1674_LIB19752_LDI17144_GTTTCG_L003_R1.fastq.gz
-: OK
md5sum -c 1674_LIB19752_LDI17144_GTTTCG_L003_R2.fastq.gz.md5 < 1674_LIB19752_LDI17144_GTTTCG_L003_R2.fastq.gz
-: OK
md5sum -c 1674_LIB19752_LDI17144_GTTTCG_L004_R1.fastq.gz.md5 < 1674_LIB19752_LDI17144_GTTTCG_L004_R1.fastq.gz
-: OK
md5sum -c 1674_LIB19752_LDI17144_GTTTCG_L004_R2.fastq.gz.md5 < 1674_LIB19752_LDI17144_GTTTCG_L004_R2.fastq.gz
-: OK
cd PATH_TO/Sample_1674_LIB19753_LDI17145
md5sum -c 1674_LIB19753_LDI17145_CGTACG_L001_R1.fastq.gz.md5 < 1674_LIB19753_LDI17145_CGTACG_L001_R1.fastq.gz
-: OK
md5sum -c 1674_LIB19753_LDI17145_CGTACG_L001_R2.fastq.gz.md5 < 1674_LIB19753_LDI17145_CGTACG_L001_R2.fastq.gz
-: OK
md5sum -c 1674_LIB19753_LDI17145_CGTACG_L002_R1.fastq.gz.md5 < 1674_LIB19753_LDI17145_CGTACG_L002_R1.fastq.gz
-: OK
md5sum -c 1674_LIB19753_LDI17145_CGTACG_L002_R2.fastq.gz.md5 < 1674_LIB19753_LDI17145_CGTACG_L002_R2.fastq.gz
-: OK
md5sum -c 1674_LIB19753_LDI17145_CGTACG_L003_R1.fastq.gz.md5 < 1674_LIB19753_LDI17145_CGTACG_L003_R1.fastq.gz
-: OK
md5sum -c 1674_LIB19753_LDI17145_CGTACG_L003_R2.fastq.gz.md5 < 1674_LIB19753_LDI17145_CGTACG_L003_R2.fastq.gz
-: OK
md5sum -c 1674_LIB19753_LDI17145_CGTACG_L004_R1.fastq.gz.md5 < 1674_LIB19753_LDI17145_CGTACG_L004_R1.fastq.gz
-: OK
md5sum -c 1674_LIB19753_LDI17145_CGTACG_L004_R2.fastq.gz.md5 < 1674_LIB19753_LDI17145_CGTACG_L004_R2.fastq.gz
-: OK
cd PATH_TO/Sample_1674_LIB19755_LDI17146
md5sum -c 1674_LIB19755_LDI17146_GGTAGC_L001_R1.fastq.gz.md5 < 1674_LIB19755_LDI17146_GGTAGC_L001_R1.fastq.gz
-: OK
md5sum -c 1674_LIB19755_LDI17146_GGTAGC_L001_R2.fastq.gz.md5 < 1674_LIB19755_LDI17146_GGTAGC_L001_R2.fastq.gz
-: OK
md5sum -c 1674_LIB19755_LDI17146_GGTAGC_L002_R1.fastq.gz.md5 < 1674_LIB19755_LDI17146_GGTAGC_L002_R1.fastq.gz
-: OK
md5sum -c 1674_LIB19755_LDI17146_GGTAGC_L002_R2.fastq.gz.md5 < 1674_LIB19755_LDI17146_GGTAGC_L002_R2.fastq.gz
-: OK
md5sum -c 1674_LIB19755_LDI17146_GGTAGC_L003_R1.fastq.gz.md5 < 1674_LIB19755_LDI17146_GGTAGC_L003_R1.fastq.gz
-: OK
md5sum -c 1674_LIB19755_LDI17146_GGTAGC_L003_R2.fastq.gz.md5 < 1674_LIB19755_LDI17146_GGTAGC_L003_R2.fastq.gz
-: OK
md5sum -c 1674_LIB19755_LDI17146_GGTAGC_L004_R1.fastq.gz.md5 < 1674_LIB19755_LDI17146_GGTAGC_L004_R1.fastq.gz
-: OK
md5sum -c 1674_LIB19755_LDI17146_GGTAGC_L004_R2.fastq.gz.md5 < 1674_LIB19755_LDI17146_GGTAGC_L004_R2.fastq.gz
-: OK
cd PATH_TO/Sample_1674_LIB19756_LDI17147
md5sum -c 1674_LIB19756_LDI17147_ACTGAT_L001_R1.fastq.gz.md5 < 1674_LIB19756_LDI17147_ACTGAT_L001_R1.fastq.gz
-: OK
md5sum -c 1674_LIB19756_LDI17147_ACTGAT_L001_R2.fastq.gz.md5 < 1674_LIB19756_LDI17147_ACTGAT_L001_R2.fastq.gz
-: OK
md5sum -c 1674_LIB19756_LDI17147_ACTGAT_L002_R1.fastq.gz.md5 < 1674_LIB19756_LDI17147_ACTGAT_L002_R1.fastq.gz
-: OK
md5sum -c 1674_LIB19756_LDI17147_ACTGAT_L002_R2.fastq.gz.md5 < 1674_LIB19756_LDI17147_ACTGAT_L002_R2.fastq.gz
-: OK
md5sum -c 1674_LIB19756_LDI17147_ACTGAT_L003_R1.fastq.gz.md5 < 1674_LIB19756_LDI17147_ACTGAT_L003_R1.fastq.gz
-: OK
md5sum -c 1674_LIB19756_LDI17147_ACTGAT_L003_R2.fastq.gz.md5 < 1674_LIB19756_LDI17147_ACTGAT_L003_R2.fastq.gz
-: OK
md5sum -c 1674_LIB19756_LDI17147_ACTGAT_L004_R1.fastq.gz.md5 < 1674_LIB19756_LDI17147_ACTGAT_L004_R1.fastq.gz
-: OK
md5sum -c 1674_LIB19756_LDI17147_ACTGAT_L004_R2.fastq.gz.md5 < 1674_LIB19756_LDI17147_ACTGAT_L004_R2.fastq.gz
-: OK
cd PATH_TO/Sample_1674_LIB19757_LDI17148
md5sum -c 1674_LIB19757_LDI17148_ATGAGC_L001_R1.fastq.gz.md5 < 1674_LIB19757_LDI17148_ATGAGC_L001_R1.fastq.gz
-: OK
md5sum -c 1674_LIB19757_LDI17148_ATGAGC_L001_R2.fastq.gz.md5 < 1674_LIB19757_LDI17148_ATGAGC_L001_R2.fastq.gz
-: OK
md5sum -c 1674_LIB19757_LDI17148_ATGAGC_L002_R1.fastq.gz.md5 < 1674_LIB19757_LDI17148_ATGAGC_L002_R1.fastq.gz
-: OK
md5sum -c 1674_LIB19757_LDI17148_ATGAGC_L002_R2.fastq.gz.md5 < 1674_LIB19757_LDI17148_ATGAGC_L002_R2.fastq.gz
-: OK
md5sum -c 1674_LIB19757_LDI17148_ATGAGC_L003_R1.fastq.gz.md5 < 1674_LIB19757_LDI17148_ATGAGC_L003_R1.fastq.gz
-: OK
md5sum -c 1674_LIB19757_LDI17148_ATGAGC_L003_R2.fastq.gz.md5 < 1674_LIB19757_LDI17148_ATGAGC_L003_R2.fastq.gz
-: OK
md5sum -c 1674_LIB19757_LDI17148_ATGAGC_L004_R1.fastq.gz.md5 < 1674_LIB19757_LDI17148_ATGAGC_L004_R1.fastq.gz
-: OK
md5sum -c 1674_LIB19757_LDI17148_ATGAGC_L004_R2.fastq.gz.md5 < 1674_LIB19757_LDI17148_ATGAGC_L004_R2.fastq.gz
-: OK
cd PATH_TO/Sample_1674_LIB19760_LDI17149
md5sum -c 1674_LIB19760_LDI17149_CAACTA_L001_R1.fastq.gz.md5 < 1674_LIB19760_LDI17149_CAACTA_L001_R1.fastq.gz
-: OK
md5sum -c 1674_LIB19760_LDI17149_CAACTA_L001_R2.fastq.gz.md5 < 1674_LIB19760_LDI17149_CAACTA_L001_R2.fastq.gz
-: OK
md5sum -c 1674_LIB19760_LDI17149_CAACTA_L002_R1.fastq.gz.md5 < 1674_LIB19760_LDI17149_CAACTA_L002_R1.fastq.gz
-: OK
md5sum -c 1674_LIB19760_LDI17149_CAACTA_L002_R2.fastq.gz.md5 < 1674_LIB19760_LDI17149_CAACTA_L002_R2.fastq.gz
-: OK
md5sum -c 1674_LIB19760_LDI17149_CAACTA_L003_R1.fastq.gz.md5 < 1674_LIB19760_LDI17149_CAACTA_L003_R1.fastq.gz
-: OK
md5sum -c 1674_LIB19760_LDI17149_CAACTA_L003_R2.fastq.gz.md5 < 1674_LIB19760_LDI17149_CAACTA_L003_R2.fastq.gz
-: OK
md5sum -c 1674_LIB19760_LDI17149_CAACTA_L004_R1.fastq.gz.md5 < 1674_LIB19760_LDI17149_CAACTA_L004_R1.fastq.gz
-: OK
md5sum -c 1674_LIB19760_LDI17149_CAACTA_L004_R2.fastq.gz.md5 < 1674_LIB19760_LDI17149_CAACTA_L004_R2.fastq.gz
-: OK
cd PATH_TO/Sample_1674_LIB19761_LDI17150
md5sum -c 1674_LIB19761_LDI17150_CACCGG_L001_R1.fastq.gz.md5 < 1674_LIB19761_LDI17150_CACCGG_L001_R1.fastq.gz
-: OK
md5sum -c 1674_LIB19761_LDI17150_CACCGG_L001_R2.fastq.gz.md5 < 1674_LIB19761_LDI17150_CACCGG_L001_R2.fastq.gz
-: OK
md5sum -c 1674_LIB19761_LDI17150_CACCGG_L002_R1.fastq.gz.md5 < 1674_LIB19761_LDI17150_CACCGG_L002_R1.fastq.gz
-: OK
md5sum -c 1674_LIB19761_LDI17150_CACCGG_L002_R2.fastq.gz.md5 < 1674_LIB19761_LDI17150_CACCGG_L002_R2.fastq.gz
-: OK
md5sum -c 1674_LIB19761_LDI17150_CACCGG_L003_R1.fastq.gz.md5 < 1674_LIB19761_LDI17150_CACCGG_L003_R1.fastq.gz
-: OK
md5sum -c 1674_LIB19761_LDI17150_CACCGG_L003_R2.fastq.gz.md5 < 1674_LIB19761_LDI17150_CACCGG_L003_R2.fastq.gz
-: OK
md5sum -c 1674_LIB19761_LDI17150_CACCGG_L004_R1.fastq.gz.md5 < 1674_LIB19761_LDI17150_CACCGG_L004_R1.fastq.gz
-: OK
md5sum -c 1674_LIB19761_LDI17150_CACCGG_L004_R2.fastq.gz.md5 < 1674_LIB19761_LDI17150_CACCGG_L004_R2.fastq.gz
-: OK
cd PATH_TO/Sample_1674_LIB19762_LDI17151
md5sum -c 1674_LIB19762_LDI17151_GATCAG_L005_R1.fastq.gz.md5 < 1674_LIB19762_LDI17151_GATCAG_L005_R1.fastq.gz
-: OK
md5sum -c 1674_LIB19762_LDI17151_GATCAG_L005_R2.fastq.gz.md5 < 1674_LIB19762_LDI17151_GATCAG_L005_R2.fastq.gz
-: OK
md5sum -c 1674_LIB19762_LDI17151_GATCAG_L006_R1.fastq.gz.md5 < 1674_LIB19762_LDI17151_GATCAG_L006_R1.fastq.gz
-: OK
md5sum -c 1674_LIB19762_LDI17151_GATCAG_L006_R2.fastq.gz.md5 < 1674_LIB19762_LDI17151_GATCAG_L006_R2.fastq.gz
-: OK
md5sum -c 1674_LIB19762_LDI17151_GATCAG_L007_R1.fastq.gz.md5 < 1674_LIB19762_LDI17151_GATCAG_L007_R1.fastq.gz
-: OK
md5sum -c 1674_LIB19762_LDI17151_GATCAG_L007_R2.fastq.gz.md5 < 1674_LIB19762_LDI17151_GATCAG_L007_R2.fastq.gz
-: OK
md5sum -c 1674_LIB19762_LDI17151_GATCAG_L008_R1.fastq.gz.md5 < 1674_LIB19762_LDI17151_GATCAG_L008_R1.fastq.gz
-: OK
md5sum -c 1674_LIB19762_LDI17151_GATCAG_L008_R2.fastq.gz.md5 < 1674_LIB19762_LDI17151_GATCAG_L008_R2.fastq.gz
-: OK
cd PATH_TO/Sample_1674_LIB19763_LDI17152
md5sum -c 1674_LIB19763_LDI17152_TAGCTT_L005_R1.fastq.gz.md5 < 1674_LIB19763_LDI17152_TAGCTT_L005_R1.fastq.gz
-: OK
md5sum -c 1674_LIB19763_LDI17152_TAGCTT_L005_R2.fastq.gz.md5 < 1674_LIB19763_LDI17152_TAGCTT_L005_R2.fastq.gz
-: OK
md5sum -c 1674_LIB19763_LDI17152_TAGCTT_L006_R1.fastq.gz.md5 < 1674_LIB19763_LDI17152_TAGCTT_L006_R1.fastq.gz
-: OK
md5sum -c 1674_LIB19763_LDI17152_TAGCTT_L006_R2.fastq.gz.md5 < 1674_LIB19763_LDI17152_TAGCTT_L006_R2.fastq.gz
-: OK
md5sum -c 1674_LIB19763_LDI17152_TAGCTT_L007_R1.fastq.gz.md5 < 1674_LIB19763_LDI17152_TAGCTT_L007_R1.fastq.gz
-: OK
md5sum -c 1674_LIB19763_LDI17152_TAGCTT_L007_R2.fastq.gz.md5 < 1674_LIB19763_LDI17152_TAGCTT_L007_R2.fastq.gz
-: OK
md5sum -c 1674_LIB19763_LDI17152_TAGCTT_L008_R1.fastq.gz.md5 < 1674_LIB19763_LDI17152_TAGCTT_L008_R1.fastq.gz
-: OK
md5sum -c 1674_LIB19763_LDI17152_TAGCTT_L008_R2.fastq.gz.md5 < 1674_LIB19763_LDI17152_TAGCTT_L008_R2.fastq.gz
-: OK
cd PATH_TO/Sample_1674_LIB19764_LDI17153
md5sum -c 1674_LIB19764_LDI17153_GGCTAC_L005_R1.fastq.gz.md5 < 1674_LIB19764_LDI17153_GGCTAC_L005_R1.fastq.gz
-: OK
md5sum -c 1674_LIB19764_LDI17153_GGCTAC_L005_R2.fastq.gz.md5 < 1674_LIB19764_LDI17153_GGCTAC_L005_R2.fastq.gz
-: OK
md5sum -c 1674_LIB19764_LDI17153_GGCTAC_L006_R1.fastq.gz.md5 < 1674_LIB19764_LDI17153_GGCTAC_L006_R1.fastq.gz
-: OK
md5sum -c 1674_LIB19764_LDI17153_GGCTAC_L006_R2.fastq.gz.md5 < 1674_LIB19764_LDI17153_GGCTAC_L006_R2.fastq.gz
-: OK
md5sum -c 1674_LIB19764_LDI17153_GGCTAC_L007_R1.fastq.gz.md5 < 1674_LIB19764_LDI17153_GGCTAC_L007_R1.fastq.gz
-: OK
md5sum -c 1674_LIB19764_LDI17153_GGCTAC_L007_R2.fastq.gz.md5 < 1674_LIB19764_LDI17153_GGCTAC_L007_R2.fastq.gz
-: OK
md5sum -c 1674_LIB19764_LDI17153_GGCTAC_L008_R1.fastq.gz.md5 < 1674_LIB19764_LDI17153_GGCTAC_L008_R1.fastq.gz
-: OK
md5sum -c 1674_LIB19764_LDI17153_GGCTAC_L008_R2.fastq.gz.md5 < 1674_LIB19764_LDI17153_GGCTAC_L008_R2.fastq.gz
-: OK
cd PATH_TO/Sample_1674_LIB19765_LDI17154
md5sum -c 1674_LIB19765_LDI17154_AGTCAA_L005_R1.fastq.gz.md5 < 1674_LIB19765_LDI17154_AGTCAA_L005_R1.fastq.gz
-: OK
md5sum -c 1674_LIB19765_LDI17154_AGTCAA_L005_R2.fastq.gz.md5 < 1674_LIB19765_LDI17154_AGTCAA_L005_R2.fastq.gz
-: OK
md5sum -c 1674_LIB19765_LDI17154_AGTCAA_L006_R1.fastq.gz.md5 < 1674_LIB19765_LDI17154_AGTCAA_L006_R1.fastq.gz
-: OK
md5sum -c 1674_LIB19765_LDI17154_AGTCAA_L006_R2.fastq.gz.md5 < 1674_LIB19765_LDI17154_AGTCAA_L006_R2.fastq.gz
-: OK
md5sum -c 1674_LIB19765_LDI17154_AGTCAA_L007_R1.fastq.gz.md5 < 1674_LIB19765_LDI17154_AGTCAA_L007_R1.fastq.gz
-: OK
md5sum -c 1674_LIB19765_LDI17154_AGTCAA_L007_R2.fastq.gz.md5 < 1674_LIB19765_LDI17154_AGTCAA_L007_R2.fastq.gz
-: OK
md5sum -c 1674_LIB19765_LDI17154_AGTCAA_L008_R1.fastq.gz.md5 < 1674_LIB19765_LDI17154_AGTCAA_L008_R1.fastq.gz
-: OK
md5sum -c 1674_LIB19765_LDI17154_AGTCAA_L008_R2.fastq.gz.md5 < 1674_LIB19765_LDI17154_AGTCAA_L008_R2.fastq.gz
-: OK
cd PATH_TO/Sample_1674_LIB19766_LDI17155
md5sum -c 1674_LIB19766_LDI17155_AGTTCC_L005_R1.fastq.gz.md5 < 1674_LIB19766_LDI17155_AGTTCC_L005_R1.fastq.gz
-: OK
md5sum -c 1674_LIB19766_LDI17155_AGTTCC_L005_R2.fastq.gz.md5 < 1674_LIB19766_LDI17155_AGTTCC_L005_R2.fastq.gz
-: OK
md5sum -c 1674_LIB19766_LDI17155_AGTTCC_L006_R1.fastq.gz.md5 < 1674_LIB19766_LDI17155_AGTTCC_L006_R1.fastq.gz
-: OK
md5sum -c 1674_LIB19766_LDI17155_AGTTCC_L006_R2.fastq.gz.md5 < 1674_LIB19766_LDI17155_AGTTCC_L006_R2.fastq.gz
-: OK
md5sum -c 1674_LIB19766_LDI17155_AGTTCC_L007_R1.fastq.gz.md5 < 1674_LIB19766_LDI17155_AGTTCC_L007_R1.fastq.gz
-: OK
md5sum -c 1674_LIB19766_LDI17155_AGTTCC_L007_R2.fastq.gz.md5 < 1674_LIB19766_LDI17155_AGTTCC_L007_R2.fastq.gz
-: OK
md5sum -c 1674_LIB19766_LDI17155_AGTTCC_L008_R1.fastq.gz.md5 < 1674_LIB19766_LDI17155_AGTTCC_L008_R1.fastq.gz
-: OK
md5sum -c 1674_LIB19766_LDI17155_AGTTCC_L008_R2.fastq.gz.md5 < 1674_LIB19766_LDI17155_AGTTCC_L008_R2.fastq.gz
-: OK
cd PATH_TO/Sample_1674_LIB19767_LDI17156
md5sum -c 1674_LIB19767_LDI17156_ATGTCA_L005_R1.fastq.gz.md5 < 1674_LIB19767_LDI17156_ATGTCA_L005_R1.fastq.gz
-: OK
md5sum -c 1674_LIB19767_LDI17156_ATGTCA_L005_R2.fastq.gz.md5 < 1674_LIB19767_LDI17156_ATGTCA_L005_R2.fastq.gz
-: OK
md5sum -c 1674_LIB19767_LDI17156_ATGTCA_L006_R1.fastq.gz.md5 < 1674_LIB19767_LDI17156_ATGTCA_L006_R1.fastq.gz
-: OK
md5sum -c 1674_LIB19767_LDI17156_ATGTCA_L006_R2.fastq.gz.md5 < 1674_LIB19767_LDI17156_ATGTCA_L006_R2.fastq.gz
-: OK
md5sum -c 1674_LIB19767_LDI17156_ATGTCA_L007_R1.fastq.gz.md5 < 1674_LIB19767_LDI17156_ATGTCA_L007_R1.fastq.gz
-: OK
md5sum -c 1674_LIB19767_LDI17156_ATGTCA_L007_R2.fastq.gz.md5 < 1674_LIB19767_LDI17156_ATGTCA_L007_R2.fastq.gz
-: OK
md5sum -c 1674_LIB19767_LDI17156_ATGTCA_L008_R1.fastq.gz.md5 < 1674_LIB19767_LDI17156_ATGTCA_L008_R1.fastq.gz
-: OK
md5sum -c 1674_LIB19767_LDI17156_ATGTCA_L008_R2.fastq.gz.md5 < 1674_LIB19767_LDI17156_ATGTCA_L008_R2.fastq.gz
-: OK
cd PATH_TO/Sample_1674_LIB19768_LDI17157
md5sum -c 1674_LIB19768_LDI17157_CCGTCC_L005_R1.fastq.gz.md5 < 1674_LIB19768_LDI17157_CCGTCC_L005_R1.fastq.gz
-: OK
md5sum -c 1674_LIB19768_LDI17157_CCGTCC_L005_R2.fastq.gz.md5 < 1674_LIB19768_LDI17157_CCGTCC_L005_R2.fastq.gz
-: OK
md5sum -c 1674_LIB19768_LDI17157_CCGTCC_L006_R1.fastq.gz.md5 < 1674_LIB19768_LDI17157_CCGTCC_L006_R1.fastq.gz
-: OK
md5sum -c 1674_LIB19768_LDI17157_CCGTCC_L006_R2.fastq.gz.md5 < 1674_LIB19768_LDI17157_CCGTCC_L006_R2.fastq.gz
-: OK
md5sum -c 1674_LIB19768_LDI17157_CCGTCC_L007_R1.fastq.gz.md5 < 1674_LIB19768_LDI17157_CCGTCC_L007_R1.fastq.gz
-: OK
md5sum -c 1674_LIB19768_LDI17157_CCGTCC_L007_R2.fastq.gz.md5 < 1674_LIB19768_LDI17157_CCGTCC_L007_R2.fastq.gz
-: OK
md5sum -c 1674_LIB19768_LDI17157_CCGTCC_L008_R1.fastq.gz.md5 < 1674_LIB19768_LDI17157_CCGTCC_L008_R1.fastq.gz
-: OK
md5sum -c 1674_LIB19768_LDI17157_CCGTCC_L008_R2.fastq.gz.md5 < 1674_LIB19768_LDI17157_CCGTCC_L008_R2.fastq.gz
-: OK
cd PATH_TO/Sample_1674_LIB19769_LDI17158
md5sum -c 1674_LIB19769_LDI17158_GTAGAG_L005_R1.fastq.gz.md5 < 1674_LIB19769_LDI17158_GTAGAG_L005_R1.fastq.gz
-: OK
md5sum -c 1674_LIB19769_LDI17158_GTAGAG_L005_R2.fastq.gz.md5 < 1674_LIB19769_LDI17158_GTAGAG_L005_R2.fastq.gz
-: OK
md5sum -c 1674_LIB19769_LDI17158_GTAGAG_L006_R1.fastq.gz.md5 < 1674_LIB19769_LDI17158_GTAGAG_L006_R1.fastq.gz
-: OK
md5sum -c 1674_LIB19769_LDI17158_GTAGAG_L006_R2.fastq.gz.md5 < 1674_LIB19769_LDI17158_GTAGAG_L006_R2.fastq.gz
-: OK
md5sum -c 1674_LIB19769_LDI17158_GTAGAG_L007_R1.fastq.gz.md5 < 1674_LIB19769_LDI17158_GTAGAG_L007_R1.fastq.gz
-: OK
md5sum -c 1674_LIB19769_LDI17158_GTAGAG_L007_R2.fastq.gz.md5 < 1674_LIB19769_LDI17158_GTAGAG_L007_R2.fastq.gz
-: OK
md5sum -c 1674_LIB19769_LDI17158_GTAGAG_L008_R1.fastq.gz.md5 < 1674_LIB19769_LDI17158_GTAGAG_L008_R1.fastq.gz
-: OK
md5sum -c 1674_LIB19769_LDI17158_GTAGAG_L008_R2.fastq.gz.md5 < 1674_LIB19769_LDI17158_GTAGAG_L008_R2.fastq.gz
-: OK
cd PATH_TO/Sample_1674_LIB19770_LDI17159
md5sum -c 1674_LIB19770_LDI17159_GTCCGC_L005_R1.fastq.gz.md5 < 1674_LIB19770_LDI17159_GTCCGC_L005_R1.fastq.gz
-: OK
md5sum -c 1674_LIB19770_LDI17159_GTCCGC_L005_R2.fastq.gz.md5 < 1674_LIB19770_LDI17159_GTCCGC_L005_R2.fastq.gz
-: OK
md5sum -c 1674_LIB19770_LDI17159_GTCCGC_L006_R1.fastq.gz.md5 < 1674_LIB19770_LDI17159_GTCCGC_L006_R1.fastq.gz
-: OK
md5sum -c 1674_LIB19770_LDI17159_GTCCGC_L006_R2.fastq.gz.md5 < 1674_LIB19770_LDI17159_GTCCGC_L006_R2.fastq.gz
-: OK
md5sum -c 1674_LIB19770_LDI17159_GTCCGC_L007_R1.fastq.gz.md5 < 1674_LIB19770_LDI17159_GTCCGC_L007_R1.fastq.gz
-: OK
md5sum -c 1674_LIB19770_LDI17159_GTCCGC_L007_R2.fastq.gz.md5 < 1674_LIB19770_LDI17159_GTCCGC_L007_R2.fastq.gz
-: OK
md5sum -c 1674_LIB19770_LDI17159_GTCCGC_L008_R1.fastq.gz.md5 < 1674_LIB19770_LDI17159_GTCCGC_L008_R1.fastq.gz
-: OK
md5sum -c 1674_LIB19770_LDI17159_GTCCGC_L008_R2.fastq.gz.md5 < 1674_LIB19770_LDI17159_GTCCGC_L008_R2.fastq.gz
-: OK
cd PATH_TO/Sample_1674_LIB19771_LDI17160
md5sum -c 1674_LIB19771_LDI17160_GTGAAA_L005_R1.fastq.gz.md5 < 1674_LIB19771_LDI17160_GTGAAA_L005_R1.fastq.gz
-: OK
md5sum -c 1674_LIB19771_LDI17160_GTGAAA_L005_R2.fastq.gz.md5 < 1674_LIB19771_LDI17160_GTGAAA_L005_R2.fastq.gz
-: OK
md5sum -c 1674_LIB19771_LDI17160_GTGAAA_L006_R1.fastq.gz.md5 < 1674_LIB19771_LDI17160_GTGAAA_L006_R1.fastq.gz
-: OK
md5sum -c 1674_LIB19771_LDI17160_GTGAAA_L006_R2.fastq.gz.md5 < 1674_LIB19771_LDI17160_GTGAAA_L006_R2.fastq.gz
-: OK
md5sum -c 1674_LIB19771_LDI17160_GTGAAA_L007_R1.fastq.gz.md5 < 1674_LIB19771_LDI17160_GTGAAA_L007_R1.fastq.gz
-: OK
md5sum -c 1674_LIB19771_LDI17160_GTGAAA_L007_R2.fastq.gz.md5 < 1674_LIB19771_LDI17160_GTGAAA_L007_R2.fastq.gz
-: OK
md5sum -c 1674_LIB19771_LDI17160_GTGAAA_L008_R1.fastq.gz.md5 < 1674_LIB19771_LDI17160_GTGAAA_L008_R1.fastq.gz
-: OK
md5sum -c 1674_LIB19771_LDI17160_GTGAAA_L008_R2.fastq.gz.md5 < 1674_LIB19771_LDI17160_GTGAAA_L008_R2.fastq.gz
-: OK
cd PATH_TO/Sample_1674_LIB19772_LDI17161
md5sum -c 1674_LIB19772_LDI17161_GTGGCC_L005_R1.fastq.gz.md5 < 1674_LIB19772_LDI17161_GTGGCC_L005_R1.fastq.gz
-: OK
md5sum -c 1674_LIB19772_LDI17161_GTGGCC_L005_R2.fastq.gz.md5 < 1674_LIB19772_LDI17161_GTGGCC_L005_R2.fastq.gz
-: OK
md5sum -c 1674_LIB19772_LDI17161_GTGGCC_L006_R1.fastq.gz.md5 < 1674_LIB19772_LDI17161_GTGGCC_L006_R1.fastq.gz
-: OK
md5sum -c 1674_LIB19772_LDI17161_GTGGCC_L006_R2.fastq.gz.md5 < 1674_LIB19772_LDI17161_GTGGCC_L006_R2.fastq.gz
-: OK
md5sum -c 1674_LIB19772_LDI17161_GTGGCC_L007_R1.fastq.gz.md5 < 1674_LIB19772_LDI17161_GTGGCC_L007_R1.fastq.gz
-: OK
md5sum -c 1674_LIB19772_LDI17161_GTGGCC_L007_R2.fastq.gz.md5 < 1674_LIB19772_LDI17161_GTGGCC_L007_R2.fastq.gz
-: OK
md5sum -c 1674_LIB19772_LDI17161_GTGGCC_L008_R1.fastq.gz.md5 < 1674_LIB19772_LDI17161_GTGGCC_L008_R1.fastq.gz
-: OK
md5sum -c 1674_LIB19772_LDI17161_GTGGCC_L008_R2.fastq.gz.md5 < 1674_LIB19772_LDI17161_GTGGCC_L008_R2.fastq.gz
-: OK
cd PATH_TO/Sample_1674_LIB19773_LDI17162
md5sum -c 1674_LIB19773_LDI17162_GTTTCG_L005_R1.fastq.gz.md5 < 1674_LIB19773_LDI17162_GTTTCG_L005_R1.fastq.gz
-: OK
md5sum -c 1674_LIB19773_LDI17162_GTTTCG_L005_R2.fastq.gz.md5 < 1674_LIB19773_LDI17162_GTTTCG_L005_R2.fastq.gz
-: OK
md5sum -c 1674_LIB19773_LDI17162_GTTTCG_L006_R1.fastq.gz.md5 < 1674_LIB19773_LDI17162_GTTTCG_L006_R1.fastq.gz
-: OK
md5sum -c 1674_LIB19773_LDI17162_GTTTCG_L006_R2.fastq.gz.md5 < 1674_LIB19773_LDI17162_GTTTCG_L006_R2.fastq.gz
-: OK
md5sum -c 1674_LIB19773_LDI17162_GTTTCG_L007_R1.fastq.gz.md5 < 1674_LIB19773_LDI17162_GTTTCG_L007_R1.fastq.gz
-: OK
md5sum -c 1674_LIB19773_LDI17162_GTTTCG_L007_R2.fastq.gz.md5 < 1674_LIB19773_LDI17162_GTTTCG_L007_R2.fastq.gz
-: OK
md5sum -c 1674_LIB19773_LDI17162_GTTTCG_L008_R1.fastq.gz.md5 < 1674_LIB19773_LDI17162_GTTTCG_L008_R1.fastq.gz
-: OK
md5sum -c 1674_LIB19773_LDI17162_GTTTCG_L008_R2.fastq.gz.md5 < 1674_LIB19773_LDI17162_GTTTCG_L008_R2.fastq.gz
-: OK
cd PATH_TO/Sample_1674_LIB19774_LDI17163
md5sum -c 1674_LIB19774_LDI17163_CGTACG_L005_R1.fastq.gz.md5 < 1674_LIB19774_LDI17163_CGTACG_L005_R1.fastq.gz
-: OK
md5sum -c 1674_LIB19774_LDI17163_CGTACG_L005_R2.fastq.gz.md5 < 1674_LIB19774_LDI17163_CGTACG_L005_R2.fastq.gz
-: OK
md5sum -c 1674_LIB19774_LDI17163_CGTACG_L006_R1.fastq.gz.md5 < 1674_LIB19774_LDI17163_CGTACG_L006_R1.fastq.gz
-: OK
md5sum -c 1674_LIB19774_LDI17163_CGTACG_L006_R2.fastq.gz.md5 < 1674_LIB19774_LDI17163_CGTACG_L006_R2.fastq.gz
-: OK
md5sum -c 1674_LIB19774_LDI17163_CGTACG_L007_R1.fastq.gz.md5 < 1674_LIB19774_LDI17163_CGTACG_L007_R1.fastq.gz
-: OK
md5sum -c 1674_LIB19774_LDI17163_CGTACG_L007_R2.fastq.gz.md5 < 1674_LIB19774_LDI17163_CGTACG_L007_R2.fastq.gz
-: OK
md5sum -c 1674_LIB19774_LDI17163_CGTACG_L008_R1.fastq.gz.md5 < 1674_LIB19774_LDI17163_CGTACG_L008_R1.fastq.gz
-: OK
md5sum -c 1674_LIB19774_LDI17163_CGTACG_L008_R2.fastq.gz.md5 < 1674_LIB19774_LDI17163_CGTACG_L008_R2.fastq.gz
-: OK
cd PATH_TO/Sample_1674_LIB19775_LDI17164
md5sum -c 1674_LIB19775_LDI17164_GAGTGG_L005_R1.fastq.gz.md5 < 1674_LIB19775_LDI17164_GAGTGG_L005_R1.fastq.gz
-: OK
md5sum -c 1674_LIB19775_LDI17164_GAGTGG_L005_R2.fastq.gz.md5 < 1674_LIB19775_LDI17164_GAGTGG_L005_R2.fastq.gz
-: OK
md5sum -c 1674_LIB19775_LDI17164_GAGTGG_L006_R1.fastq.gz.md5 < 1674_LIB19775_LDI17164_GAGTGG_L006_R1.fastq.gz
-: OK
md5sum -c 1674_LIB19775_LDI17164_GAGTGG_L006_R2.fastq.gz.md5 < 1674_LIB19775_LDI17164_GAGTGG_L006_R2.fastq.gz
-: OK
md5sum -c 1674_LIB19775_LDI17164_GAGTGG_L007_R1.fastq.gz.md5 < 1674_LIB19775_LDI17164_GAGTGG_L007_R1.fastq.gz
-: OK
md5sum -c 1674_LIB19775_LDI17164_GAGTGG_L007_R2.fastq.gz.md5 < 1674_LIB19775_LDI17164_GAGTGG_L007_R2.fastq.gz
-: OK
md5sum -c 1674_LIB19775_LDI17164_GAGTGG_L008_R1.fastq.gz.md5 < 1674_LIB19775_LDI17164_GAGTGG_L008_R1.fastq.gz
-: OK
md5sum -c 1674_LIB19775_LDI17164_GAGTGG_L008_R2.fastq.gz.md5 < 1674_LIB19775_LDI17164_GAGTGG_L008_R2.fastq.gz
-: OK
cd PATH_TO/Sample_1674_LIB19776_LDI17165
md5sum -c 1674_LIB19776_LDI17165_GGTAGC_L005_R1.fastq.gz.md5 < 1674_LIB19776_LDI17165_GGTAGC_L005_R1.fastq.gz
-: OK
md5sum -c 1674_LIB19776_LDI17165_GGTAGC_L005_R2.fastq.gz.md5 < 1674_LIB19776_LDI17165_GGTAGC_L005_R2.fastq.gz
-: OK
md5sum -c 1674_LIB19776_LDI17165_GGTAGC_L006_R1.fastq.gz.md5 < 1674_LIB19776_LDI17165_GGTAGC_L006_R1.fastq.gz
-: OK
md5sum -c 1674_LIB19776_LDI17165_GGTAGC_L006_R2.fastq.gz.md5 < 1674_LIB19776_LDI17165_GGTAGC_L006_R2.fastq.gz
-: OK
md5sum -c 1674_LIB19776_LDI17165_GGTAGC_L007_R1.fastq.gz.md5 < 1674_LIB19776_LDI17165_GGTAGC_L007_R1.fastq.gz
-: OK
md5sum -c 1674_LIB19776_LDI17165_GGTAGC_L007_R2.fastq.gz.md5 < 1674_LIB19776_LDI17165_GGTAGC_L007_R2.fastq.gz
-: OK
md5sum -c 1674_LIB19776_LDI17165_GGTAGC_L008_R1.fastq.gz.md5 < 1674_LIB19776_LDI17165_GGTAGC_L008_R1.fastq.gz
-: OK
md5sum -c 1674_LIB19776_LDI17165_GGTAGC_L008_R2.fastq.gz.md5 < 1674_LIB19776_LDI17165_GGTAGC_L008_R2.fastq.gz
-: OK
cd PATH_TO/Sample_1674_LIB19777_LDI17166
md5sum -c 1674_LIB19777_LDI17166_ACTGAT_L005_R1.fastq.gz.md5 < 1674_LIB19777_LDI17166_ACTGAT_L005_R1.fastq.gz
-: OK
md5sum -c 1674_LIB19777_LDI17166_ACTGAT_L005_R2.fastq.gz.md5 < 1674_LIB19777_LDI17166_ACTGAT_L005_R2.fastq.gz
-: OK
md5sum -c 1674_LIB19777_LDI17166_ACTGAT_L006_R1.fastq.gz.md5 < 1674_LIB19777_LDI17166_ACTGAT_L006_R1.fastq.gz
-: OK
md5sum -c 1674_LIB19777_LDI17166_ACTGAT_L006_R2.fastq.gz.md5 < 1674_LIB19777_LDI17166_ACTGAT_L006_R2.fastq.gz
-: OK
md5sum -c 1674_LIB19777_LDI17166_ACTGAT_L007_R1.fastq.gz.md5 < 1674_LIB19777_LDI17166_ACTGAT_L007_R1.fastq.gz
-: OK
md5sum -c 1674_LIB19777_LDI17166_ACTGAT_L007_R2.fastq.gz.md5 < 1674_LIB19777_LDI17166_ACTGAT_L007_R2.fastq.gz
-: OK
md5sum -c 1674_LIB19777_LDI17166_ACTGAT_L008_R1.fastq.gz.md5 < 1674_LIB19777_LDI17166_ACTGAT_L008_R1.fastq.gz
-: OK
md5sum -c 1674_LIB19777_LDI17166_ACTGAT_L008_R2.fastq.gz.md5 < 1674_LIB19777_LDI17166_ACTGAT_L008_R2.fastq.gz
-: OK
cd PATH_TO/Sample_1674_LIB19779_LDI17167
md5sum -c 1674_LIB19779_LDI17167_ATTCCT_L005_R1.fastq.gz.md5 < 1674_LIB19779_LDI17167_ATTCCT_L005_R1.fastq.gz
-: OK
md5sum -c 1674_LIB19779_LDI17167_ATTCCT_L005_R2.fastq.gz.md5 < 1674_LIB19779_LDI17167_ATTCCT_L005_R2.fastq.gz
-: OK
md5sum -c 1674_LIB19779_LDI17167_ATTCCT_L006_R1.fastq.gz.md5 < 1674_LIB19779_LDI17167_ATTCCT_L006_R1.fastq.gz
-: OK
md5sum -c 1674_LIB19779_LDI17167_ATTCCT_L006_R2.fastq.gz.md5 < 1674_LIB19779_LDI17167_ATTCCT_L006_R2.fastq.gz
-: OK
md5sum -c 1674_LIB19779_LDI17167_ATTCCT_L007_R1.fastq.gz.md5 < 1674_LIB19779_LDI17167_ATTCCT_L007_R1.fastq.gz
-: OK
md5sum -c 1674_LIB19779_LDI17167_ATTCCT_L007_R2.fastq.gz.md5 < 1674_LIB19779_LDI17167_ATTCCT_L007_R2.fastq.gz
-: OK
md5sum -c 1674_LIB19779_LDI17167_ATTCCT_L008_R1.fastq.gz.md5 < 1674_LIB19779_LDI17167_ATTCCT_L008_R1.fastq.gz
-: OK
md5sum -c 1674_LIB19779_LDI17167_ATTCCT_L008_R2.fastq.gz.md5 < 1674_LIB19779_LDI17167_ATTCCT_L008_R2.fastq.gz
-: OK
cd PATH_TO/Sample_1674_LIB19780_LDI17168
md5sum -c 1674_LIB19780_LDI17168_CAAAAG_L005_R1.fastq.gz.md5 < 1674_LIB19780_LDI17168_CAAAAG_L005_R1.fastq.gz
-: OK
md5sum -c 1674_LIB19780_LDI17168_CAAAAG_L005_R2.fastq.gz.md5 < 1674_LIB19780_LDI17168_CAAAAG_L005_R2.fastq.gz
-: OK
md5sum -c 1674_LIB19780_LDI17168_CAAAAG_L006_R1.fastq.gz.md5 < 1674_LIB19780_LDI17168_CAAAAG_L006_R1.fastq.gz
-: OK
md5sum -c 1674_LIB19780_LDI17168_CAAAAG_L006_R2.fastq.gz.md5 < 1674_LIB19780_LDI17168_CAAAAG_L006_R2.fastq.gz
-: OK
md5sum -c 1674_LIB19780_LDI17168_CAAAAG_L007_R1.fastq.gz.md5 < 1674_LIB19780_LDI17168_CAAAAG_L007_R1.fastq.gz
-: OK
md5sum -c 1674_LIB19780_LDI17168_CAAAAG_L007_R2.fastq.gz.md5 < 1674_LIB19780_LDI17168_CAAAAG_L007_R2.fastq.gz
-: OK
md5sum -c 1674_LIB19780_LDI17168_CAAAAG_L008_R1.fastq.gz.md5 < 1674_LIB19780_LDI17168_CAAAAG_L008_R1.fastq.gz
-: OK
md5sum -c 1674_LIB19780_LDI17168_CAAAAG_L008_R2.fastq.gz.md5 < 1674_LIB19780_LDI17168_CAAAAG_L008_R2.fastq.gz
-: OK
cd PATH_TO/Sample_1674_LIB19781_LDI17169
md5sum -c 1674_LIB19781_LDI17169_CAACTA_L005_R1.fastq.gz.md5 < 1674_LIB19781_LDI17169_CAACTA_L005_R1.fastq.gz
-: OK
md5sum -c 1674_LIB19781_LDI17169_CAACTA_L005_R2.fastq.gz.md5 < 1674_LIB19781_LDI17169_CAACTA_L005_R2.fastq.gz
-: OK
md5sum -c 1674_LIB19781_LDI17169_CAACTA_L006_R1.fastq.gz.md5 < 1674_LIB19781_LDI17169_CAACTA_L006_R1.fastq.gz
-: OK
md5sum -c 1674_LIB19781_LDI17169_CAACTA_L006_R2.fastq.gz.md5 < 1674_LIB19781_LDI17169_CAACTA_L006_R2.fastq.gz
-: OK
md5sum -c 1674_LIB19781_LDI17169_CAACTA_L007_R1.fastq.gz.md5 < 1674_LIB19781_LDI17169_CAACTA_L007_R1.fastq.gz
-: OK
md5sum -c 1674_LIB19781_LDI17169_CAACTA_L007_R2.fastq.gz.md5 < 1674_LIB19781_LDI17169_CAACTA_L007_R2.fastq.gz
-: OK
md5sum -c 1674_LIB19781_LDI17169_CAACTA_L008_R1.fastq.gz.md5 < 1674_LIB19781_LDI17169_CAACTA_L008_R1.fastq.gz
-: OK
md5sum -c 1674_LIB19781_LDI17169_CAACTA_L008_R2.fastq.gz.md5 < 1674_LIB19781_LDI17169_CAACTA_L008_R2.fastq.gz
-: OK
cd PATH_TO/Sample_1674_LIB19782_LDI17170
md5sum -c 1674_LIB19782_LDI17170_CACCGG_L005_R1.fastq.gz.md5 < 1674_LIB19782_LDI17170_CACCGG_L005_R1.fastq.gz
-: OK
md5sum -c 1674_LIB19782_LDI17170_CACCGG_L005_R2.fastq.gz.md5 < 1674_LIB19782_LDI17170_CACCGG_L005_R2.fastq.gz
-: OK
md5sum -c 1674_LIB19782_LDI17170_CACCGG_L006_R1.fastq.gz.md5 < 1674_LIB19782_LDI17170_CACCGG_L006_R1.fastq.gz
-: OK
md5sum -c 1674_LIB19782_LDI17170_CACCGG_L006_R2.fastq.gz.md5 < 1674_LIB19782_LDI17170_CACCGG_L006_R2.fastq.gz
-: OK
md5sum -c 1674_LIB19782_LDI17170_CACCGG_L007_R1.fastq.gz.md5 < 1674_LIB19782_LDI17170_CACCGG_L007_R1.fastq.gz
-: OK
md5sum -c 1674_LIB19782_LDI17170_CACCGG_L007_R2.fastq.gz.md5 < 1674_LIB19782_LDI17170_CACCGG_L007_R2.fastq.gz
-: OK
md5sum -c 1674_LIB19782_LDI17170_CACCGG_L008_R1.fastq.gz.md5 < 1674_LIB19782_LDI17170_CACCGG_L008_R1.fastq.gz
-: OK
md5sum -c 1674_LIB19782_LDI17170_CACCGG_L008_R2.fastq.gz.md5 < 1674_LIB19782_LDI17170_CACCGG_L008_R2.fastq.gz
-: OK
cd PATH_TO/Sample_1674_LIB19871_LDI17171
md5sum -c 1674_LIB19871_LDI17171_GGCTAC_L001_R1.fastq.gz.md5 < 1674_LIB19871_LDI17171_GGCTAC_L001_R1.fastq.gz
-: OK
md5sum -c 1674_LIB19871_LDI17171_GGCTAC_L001_R2.fastq.gz.md5 < 1674_LIB19871_LDI17171_GGCTAC_L001_R2.fastq.gz
-: OK
md5sum -c 1674_LIB19871_LDI17171_GGCTAC_L002_R1.fastq.gz.md5 < 1674_LIB19871_LDI17171_GGCTAC_L002_R1.fastq.gz
-: OK
md5sum -c 1674_LIB19871_LDI17171_GGCTAC_L002_R2.fastq.gz.md5 < 1674_LIB19871_LDI17171_GGCTAC_L002_R2.fastq.gz
-: OK
md5sum -c 1674_LIB19871_LDI17171_GGCTAC_L003_R1.fastq.gz.md5 < 1674_LIB19871_LDI17171_GGCTAC_L003_R1.fastq.gz
-: OK
md5sum -c 1674_LIB19871_LDI17171_GGCTAC_L003_R2.fastq.gz.md5 < 1674_LIB19871_LDI17171_GGCTAC_L003_R2.fastq.gz
-: OK
md5sum -c 1674_LIB19871_LDI17171_GGCTAC_L004_R1.fastq.gz.md5 < 1674_LIB19871_LDI17171_GGCTAC_L004_R1.fastq.gz
-: OK
md5sum -c 1674_LIB19871_LDI17171_GGCTAC_L004_R2.fastq.gz.md5 < 1674_LIB19871_LDI17171_GGCTAC_L004_R2.fastq.gz
-: OK
cd PATH_TO/Sample_1674_LIB19872_LDI17172
md5sum -c 1674_LIB19872_LDI17172_GTGAAA_L001_R1.fastq.gz.md5 < 1674_LIB19872_LDI17172_GTGAAA_L001_R1.fastq.gz
-: OK
md5sum -c 1674_LIB19872_LDI17172_GTGAAA_L001_R2.fastq.gz.md5 < 1674_LIB19872_LDI17172_GTGAAA_L001_R2.fastq.gz
-: OK
md5sum -c 1674_LIB19872_LDI17172_GTGAAA_L002_R1.fastq.gz.md5 < 1674_LIB19872_LDI17172_GTGAAA_L002_R1.fastq.gz
-: OK
md5sum -c 1674_LIB19872_LDI17172_GTGAAA_L002_R2.fastq.gz.md5 < 1674_LIB19872_LDI17172_GTGAAA_L002_R2.fastq.gz
-: OK
md5sum -c 1674_LIB19872_LDI17172_GTGAAA_L003_R1.fastq.gz.md5 < 1674_LIB19872_LDI17172_GTGAAA_L003_R1.fastq.gz
-: OK
md5sum -c 1674_LIB19872_LDI17172_GTGAAA_L003_R2.fastq.gz.md5 < 1674_LIB19872_LDI17172_GTGAAA_L003_R2.fastq.gz
-: OK
md5sum -c 1674_LIB19872_LDI17172_GTGAAA_L004_R1.fastq.gz.md5 < 1674_LIB19872_LDI17172_GTGAAA_L004_R1.fastq.gz
-: OK
md5sum -c 1674_LIB19872_LDI17172_GTGAAA_L004_R2.fastq.gz.md5 < 1674_LIB19872_LDI17172_GTGAAA_L004_R2.fastq.gz
-: OK
cd PATH_TO/Sample_1674_LIB19873_LDI17173
md5sum -c 1674_LIB19873_LDI17173_GTGGCC_L001_R1.fastq.gz.md5 < 1674_LIB19873_LDI17173_GTGGCC_L001_R1.fastq.gz
-: OK
md5sum -c 1674_LIB19873_LDI17173_GTGGCC_L001_R2.fastq.gz.md5 < 1674_LIB19873_LDI17173_GTGGCC_L001_R2.fastq.gz
-: OK
md5sum -c 1674_LIB19873_LDI17173_GTGGCC_L002_R1.fastq.gz.md5 < 1674_LIB19873_LDI17173_GTGGCC_L002_R1.fastq.gz
-: OK
md5sum -c 1674_LIB19873_LDI17173_GTGGCC_L002_R2.fastq.gz.md5 < 1674_LIB19873_LDI17173_GTGGCC_L002_R2.fastq.gz
-: OK
md5sum -c 1674_LIB19873_LDI17173_GTGGCC_L003_R1.fastq.gz.md5 < 1674_LIB19873_LDI17173_GTGGCC_L003_R1.fastq.gz
-: OK
md5sum -c 1674_LIB19873_LDI17173_GTGGCC_L003_R2.fastq.gz.md5 < 1674_LIB19873_LDI17173_GTGGCC_L003_R2.fastq.gz
-: OK
md5sum -c 1674_LIB19873_LDI17173_GTGGCC_L004_R1.fastq.gz.md5 < 1674_LIB19873_LDI17173_GTGGCC_L004_R1.fastq.gz
-: OK
md5sum -c 1674_LIB19873_LDI17173_GTGGCC_L004_R2.fastq.gz.md5 < 1674_LIB19873_LDI17173_GTGGCC_L004_R2.fastq.gz
-: OK
cd PATH_TO/Sample_1674_LIB19874_LDI17174
md5sum -c 1674_LIB19874_LDI17174_GAGTGG_L001_R1.fastq.gz.md5 < 1674_LIB19874_LDI17174_GAGTGG_L001_R1.fastq.gz
-: OK
md5sum -c 1674_LIB19874_LDI17174_GAGTGG_L001_R2.fastq.gz.md5 < 1674_LIB19874_LDI17174_GAGTGG_L001_R2.fastq.gz
-: OK
md5sum -c 1674_LIB19874_LDI17174_GAGTGG_L002_R1.fastq.gz.md5 < 1674_LIB19874_LDI17174_GAGTGG_L002_R1.fastq.gz
-: OK
md5sum -c 1674_LIB19874_LDI17174_GAGTGG_L002_R2.fastq.gz.md5 < 1674_LIB19874_LDI17174_GAGTGG_L002_R2.fastq.gz
-: OK
md5sum -c 1674_LIB19874_LDI17174_GAGTGG_L003_R1.fastq.gz.md5 < 1674_LIB19874_LDI17174_GAGTGG_L003_R1.fastq.gz
-: OK
md5sum -c 1674_LIB19874_LDI17174_GAGTGG_L003_R2.fastq.gz.md5 < 1674_LIB19874_LDI17174_GAGTGG_L003_R2.fastq.gz
-: OK
md5sum -c 1674_LIB19874_LDI17174_GAGTGG_L004_R1.fastq.gz.md5 < 1674_LIB19874_LDI17174_GAGTGG_L004_R1.fastq.gz
-: OK
md5sum -c 1674_LIB19874_LDI17174_GAGTGG_L004_R2.fastq.gz.md5 < 1674_LIB19874_LDI17174_GAGTGG_L004_R2.fastq.gz
-: OK
cd PATH_TO/Sample_1674_LIB19875_LDI17175
md5sum -c 1674_LIB19875_LDI17175_ATTCCT_L001_R1.fastq.gz.md5 < 1674_LIB19875_LDI17175_ATTCCT_L001_R1.fastq.gz
-: OK
md5sum -c 1674_LIB19875_LDI17175_ATTCCT_L001_R2.fastq.gz.md5 < 1674_LIB19875_LDI17175_ATTCCT_L001_R2.fastq.gz
-: OK
md5sum -c 1674_LIB19875_LDI17175_ATTCCT_L002_R1.fastq.gz.md5 < 1674_LIB19875_LDI17175_ATTCCT_L002_R1.fastq.gz
-: OK
md5sum -c 1674_LIB19875_LDI17175_ATTCCT_L002_R2.fastq.gz.md5 < 1674_LIB19875_LDI17175_ATTCCT_L002_R2.fastq.gz
-: OK
md5sum -c 1674_LIB19875_LDI17175_ATTCCT_L003_R1.fastq.gz.md5 < 1674_LIB19875_LDI17175_ATTCCT_L003_R1.fastq.gz
-: OK
md5sum -c 1674_LIB19875_LDI17175_ATTCCT_L003_R2.fastq.gz.md5 < 1674_LIB19875_LDI17175_ATTCCT_L003_R2.fastq.gz
-: OK
md5sum -c 1674_LIB19875_LDI17175_ATTCCT_L004_R1.fastq.gz.md5 < 1674_LIB19875_LDI17175_ATTCCT_L004_R1.fastq.gz
-: OK
md5sum -c 1674_LIB19875_LDI17175_ATTCCT_L004_R2.fastq.gz.md5 < 1674_LIB19875_LDI17175_ATTCCT_L004_R2.fastq.gz
-: OK
cd PATH_TO/Sample_1674_LIB19876_LDI17176
md5sum -c 1674_LIB19876_LDI17176_CAAAAG_L001_R1.fastq.gz.md5 < 1674_LIB19876_LDI17176_CAAAAG_L001_R1.fastq.gz
-: OK
md5sum -c 1674_LIB19876_LDI17176_CAAAAG_L001_R2.fastq.gz.md5 < 1674_LIB19876_LDI17176_CAAAAG_L001_R2.fastq.gz
-: OK
md5sum -c 1674_LIB19876_LDI17176_CAAAAG_L002_R1.fastq.gz.md5 < 1674_LIB19876_LDI17176_CAAAAG_L002_R1.fastq.gz
-: OK
md5sum -c 1674_LIB19876_LDI17176_CAAAAG_L002_R2.fastq.gz.md5 < 1674_LIB19876_LDI17176_CAAAAG_L002_R2.fastq.gz
-: OK
md5sum -c 1674_LIB19876_LDI17176_CAAAAG_L003_R1.fastq.gz.md5 < 1674_LIB19876_LDI17176_CAAAAG_L003_R1.fastq.gz
-: OK
md5sum -c 1674_LIB19876_LDI17176_CAAAAG_L003_R2.fastq.gz.md5 < 1674_LIB19876_LDI17176_CAAAAG_L003_R2.fastq.gz
-: OK
md5sum -c 1674_LIB19876_LDI17176_CAAAAG_L004_R1.fastq.gz.md5 < 1674_LIB19876_LDI17176_CAAAAG_L004_R1.fastq.gz
-: OK
md5sum -c 1674_LIB19876_LDI17176_CAAAAG_L004_R2.fastq.gz.md5 < 1674_LIB19876_LDI17176_CAAAAG_L004_R2.fastq.gz
-: OK
cd PATH_TO/Sample_1674_LIB19877_LDI17177
md5sum -c 1674_LIB19877_LDI17177_ATGAGC_L005_R1.fastq.gz.md5 < 1674_LIB19877_LDI17177_ATGAGC_L005_R1.fastq.gz
-: OK
md5sum -c 1674_LIB19877_LDI17177_ATGAGC_L005_R2.fastq.gz.md5 < 1674_LIB19877_LDI17177_ATGAGC_L005_R2.fastq.gz
-: OK
md5sum -c 1674_LIB19877_LDI17177_ATGAGC_L006_R1.fastq.gz.md5 < 1674_LIB19877_LDI17177_ATGAGC_L006_R1.fastq.gz
-: OK
md5sum -c 1674_LIB19877_LDI17177_ATGAGC_L006_R2.fastq.gz.md5 < 1674_LIB19877_LDI17177_ATGAGC_L006_R2.fastq.gz
-: OK
md5sum -c 1674_LIB19877_LDI17177_ATGAGC_L007_R1.fastq.gz.md5 < 1674_LIB19877_LDI17177_ATGAGC_L007_R1.fastq.gz
-: OK
md5sum -c 1674_LIB19877_LDI17177_ATGAGC_L007_R2.fastq.gz.md5 < 1674_LIB19877_LDI17177_ATGAGC_L007_R2.fastq.gz
-: OK
md5sum -c 1674_LIB19877_LDI17177_ATGAGC_L008_R1.fastq.gz.md5 < 1674_LIB19877_LDI17177_ATGAGC_L008_R1.fastq.gz
-: OK
md5sum -c 1674_LIB19877_LDI17177_ATGAGC_L008_R2.fastq.gz.md5 < 1674_LIB19877_LDI17177_ATGAGC_L008_R2.fastq.gz
-: OK
